<?xml version="1.0" encoding="UTF-8"?>
<testsuite name="com.projectx.data.repository.EmailRespositoryIntegrationTest" tests="3" failures="0" errors="0" timestamp="2014-09-20T09:39:09" hostname="dinesh" time="13.883">
  <properties/>
  <testcase name="findAll" classname="com.projectx.data.repository.EmailRespositoryIntegrationTest" time="13.805"/>
  <testcase name="checkEmailTest" classname="com.projectx.data.repository.EmailRespositoryIntegrationTest" time="0.065"/>
  <testcase name="addEmailTest" classname="com.projectx.data.repository.EmailRespositoryIntegrationTest" time="0.01"/>
  <system-out><![CDATA[15:09:08.972 [Test worker] DEBUG o.s.t.c.j.SpringJUnit4ClassRunner - SpringJUnit4ClassRunner constructor called with [class com.projectx.data.repository.EmailRespositoryIntegrationTest].
15:09:09.192 [Test worker] DEBUG o.s.test.context.ContextLoaderUtils - Found explicit ContextLoader class [org.springframework.boot.test.SpringApplicationContextLoader] for context configuration attributes [ContextConfigurationAttributes@fc894b declaringClass = 'com.projectx.data.repository.EmailRespositoryIntegrationTest', locations = '{}', classes = '{class com.projectx.data.Application}', inheritLocations = true, initializers = '{}', inheritInitializers = true, name = [null], contextLoaderClass = 'org.springframework.boot.test.SpringApplicationContextLoader']
15:09:09.260 [Test worker] DEBUG o.s.test.context.TestContextManager - @TestExecutionListeners is not present for class [com.projectx.data.repository.EmailRespositoryIntegrationTest]: using defaults.
15:09:09.368 [Test worker] DEBUG o.s.t.annotation.ProfileValueUtils - Retrieved @ProfileValueSourceConfiguration [null] for test class [com.projectx.data.repository.EmailRespositoryIntegrationTest]
15:09:09.369 [Test worker] DEBUG o.s.t.annotation.ProfileValueUtils - Retrieved ProfileValueSource type [class org.springframework.test.annotation.SystemProfileValueSource] for class [com.projectx.data.repository.EmailRespositoryIntegrationTest]
15:09:09.391 [Test worker] DEBUG o.s.t.annotation.ProfileValueUtils - Retrieved @ProfileValueSourceConfiguration [null] for test class [com.projectx.data.repository.EmailRespositoryIntegrationTest]
15:09:09.391 [Test worker] DEBUG o.s.t.annotation.ProfileValueUtils - Retrieved ProfileValueSource type [class org.springframework.test.annotation.SystemProfileValueSource] for class [com.projectx.data.repository.EmailRespositoryIntegrationTest]
15:09:09.393 [Test worker] DEBUG o.s.t.annotation.ProfileValueUtils - Retrieved @ProfileValueSourceConfiguration [null] for test class [com.projectx.data.repository.EmailRespositoryIntegrationTest]
15:09:09.393 [Test worker] DEBUG o.s.t.annotation.ProfileValueUtils - Retrieved ProfileValueSource type [class org.springframework.test.annotation.SystemProfileValueSource] for class [com.projectx.data.repository.EmailRespositoryIntegrationTest]
15:09:09.396 [Test worker] DEBUG o.s.t.annotation.ProfileValueUtils - Retrieved @ProfileValueSourceConfiguration [null] for test class [com.projectx.data.repository.EmailRespositoryIntegrationTest]
15:09:09.396 [Test worker] DEBUG o.s.t.annotation.ProfileValueUtils - Retrieved ProfileValueSource type [class org.springframework.test.annotation.SystemProfileValueSource] for class [com.projectx.data.repository.EmailRespositoryIntegrationTest]
15:09:09.401 [Test worker] DEBUG o.s.t.c.s.DependencyInjectionTestExecutionListener - Performing dependency injection for test context [[DefaultTestContext@1536558 testClass = EmailRespositoryIntegrationTest, testInstance = com.projectx.data.repository.EmailRespositoryIntegrationTest@228ba7, testMethod = [null], testException = [null], mergedContextConfiguration = [MergedContextConfiguration@1fea0cf testClass = EmailRespositoryIntegrationTest, locations = '{}', classes = '{class com.projectx.data.Application}', contextInitializerClasses = '[]', activeProfiles = '{Test}', contextLoader = 'org.springframework.boot.test.SpringApplicationContextLoader', parent = [null]]]].
15:09:09.581 [Test worker] DEBUG o.s.core.env.StandardEnvironment - Adding [systemProperties] PropertySource with lowest search precedence
15:09:09.584 [Test worker] DEBUG o.s.core.env.StandardEnvironment - Adding [systemEnvironment] PropertySource with lowest search precedence
15:09:09.584 [Test worker] DEBUG o.s.core.env.StandardEnvironment - Initialized StandardEnvironment with PropertySources [systemProperties,systemEnvironment]
15:09:09.586 [Test worker] DEBUG o.s.core.env.StandardEnvironment - Adding [integrationTest] PropertySource with search precedence immediately lower than [systemEnvironment]

  .   ____          _            __ _ _
 /\\ / ___'_ __ _ _(_)_ __  __ _ \ \ \ \
( ( )\___ | '_ | '_| | '_ \/ _` | \ \ \ \
 \\/  ___)| |_)| | | | | || (_| |  ) ) ) )
  '  |____| .__|_| |_|_| |_\__, | / / / /
 =========|_|==============|___/=/_/_/_/
 :: Spring Boot ::        (v1.1.5.RELEASE)

2014-09-20 15:09:10.527  INFO 3345 --- [    Test worker] o.s.boot.SpringApplication               : Starting application on dinesh with PID 3345 (/home/dinesh/.m2/repository/org/springframework/boot/spring-boot/1.1.5.RELEASE/spring-boot-1.1.5.RELEASE.jar started by dinesh in /home/dinesh/NewWorkspace/ProjectXDataJPA)
2014-09-20 15:09:10.582  INFO 3345 --- [    Test worker] s.c.a.AnnotationConfigApplicationContext : Refreshing org.springframework.context.annotation.AnnotationConfigApplicationContext@4a7140: startup date [Sat Sep 20 15:09:10 IST 2014]; root of context hierarchy
2014-09-20 15:09:14.475  INFO 3345 --- [    Test worker] j.LocalContainerEntityManagerFactoryBean : Building JPA container EntityManagerFactory for persistence unit 'default'
2014-09-20 15:09:14.549  INFO 3345 --- [    Test worker] o.hibernate.jpa.internal.util.LogHelper  : HHH000204: Processing PersistenceUnitInfo [
	name: default
	...]
2014-09-20 15:09:14.991  INFO 3345 --- [    Test worker] org.hibernate.Version                    : HHH000412: Hibernate Core {4.3.5.Final}
2014-09-20 15:09:14.995  INFO 3345 --- [    Test worker] org.hibernate.cfg.Environment            : HHH000206: hibernate.properties not found
2014-09-20 15:09:14.998  INFO 3345 --- [    Test worker] org.hibernate.cfg.Environment            : HHH000021: Bytecode provider name : javassist
2014-09-20 15:09:15.701  INFO 3345 --- [    Test worker] o.hibernate.annotations.common.Version   : HCANN000001: Hibernate Commons Annotations {4.0.4.Final}
2014-09-20 15:09:16.575  INFO 3345 --- [    Test worker] org.hibernate.dialect.Dialect            : HHH000400: Using dialect: org.hibernate.dialect.HSQLDialect
2014-09-20 15:09:20.532  INFO 3345 --- [    Test worker] o.h.h.i.ast.ASTQueryTranslatorFactory    : HHH000397: Using ASTQueryTranslatorFactory
2014-09-20 15:09:21.040  INFO 3345 --- [    Test worker] org.hibernate.tool.hbm2ddl.SchemaExport  : HHH000227: Running hbm2ddl schema export
Hibernate: drop table customer_quick_register_entity if exists
Hibernate: drop table email if exists
Hibernate: create table customer_quick_register_entity (customer_id bigint generated by default as identity (start with 1), email varchar(255), email_hash bigint, first_name varchar(255), last_name varchar(255), mobile bigint, mobile_pin integer, pin integer, status varchar(255), primary key (customer_id))
Hibernate: create table email (email varchar(255) not null, name varchar(255), primary key (email))
Hibernate: alter table customer_quick_register_entity add constraint UK_489ghacvvidt74n66lx26o2j  unique (email)
Hibernate: alter table customer_quick_register_entity add constraint UK_q9lcp8rk0ctsnf48nuejvtmus  unique (mobile)
2014-09-20 15:09:21.046  INFO 3345 --- [    Test worker] org.hibernate.tool.hbm2ddl.SchemaExport  : HHH000230: Schema export complete
2014-09-20 15:09:22.606  INFO 3345 --- [    Test worker] o.s.boot.SpringApplication               : Started application in 13.018 seconds (JVM running for 28.711)
2014-09-20 15:09:22.690  INFO 3345 --- [    Test worker] t.c.t.TransactionalTestExecutionListener : Began transaction (1) for test context [DefaultTestContext@1536558 testClass = EmailRespositoryIntegrationTest, testInstance = com.projectx.data.repository.EmailRespositoryIntegrationTest@228ba7, testMethod = findAll@EmailRespositoryIntegrationTest, testException = [null], mergedContextConfiguration = [MergedContextConfiguration@1fea0cf testClass = EmailRespositoryIntegrationTest, locations = '{}', classes = '{class com.projectx.data.Application}', contextInitializerClasses = '[]', activeProfiles = '{Test}', contextLoader = 'org.springframework.boot.test.SpringApplicationContextLoader', parent = [null]]]; transaction manager [org.springframework.orm.jpa.JpaTransactionManager@df3ace]; rollback [true]
Hibernate: select email0_.email as email1_1_0_, email0_.name as name2_1_0_ from email email0_ where email0_.email=?
Hibernate: insert into email (name, email) values (?, ?)
Hibernate: select email0_.email as email1_1_, email0_.name as name2_1_ from email email0_
2014-09-20 15:09:23.195  INFO 3345 --- [    Test worker] t.c.t.TransactionalTestExecutionListener : Rolled back transaction after test execution for test context [DefaultTestContext@1536558 testClass = EmailRespositoryIntegrationTest, testInstance = com.projectx.data.repository.EmailRespositoryIntegrationTest@228ba7, testMethod = findAll@EmailRespositoryIntegrationTest, testException = [null], mergedContextConfiguration = [MergedContextConfiguration@1fea0cf testClass = EmailRespositoryIntegrationTest, locations = '{}', classes = '{class com.projectx.data.Application}', contextInitializerClasses = '[]', activeProfiles = '{Test}', contextLoader = 'org.springframework.boot.test.SpringApplicationContextLoader', parent = [null]]]
2014-09-20 15:09:23.208  INFO 3345 --- [    Test worker] t.c.t.TransactionalTestExecutionListener : Began transaction (2) for test context [DefaultTestContext@1536558 testClass = EmailRespositoryIntegrationTest, testInstance = com.projectx.data.repository.EmailRespositoryIntegrationTest@d63e9, testMethod = checkEmailTest@EmailRespositoryIntegrationTest, testException = [null], mergedContextConfiguration = [MergedContextConfiguration@1fea0cf testClass = EmailRespositoryIntegrationTest, locations = '{}', classes = '{class com.projectx.data.Application}', contextInitializerClasses = '[]', activeProfiles = '{Test}', contextLoader = 'org.springframework.boot.test.SpringApplicationContextLoader', parent = [null]]]; transaction manager [org.springframework.orm.jpa.JpaTransactionManager@df3ace]; rollback [true]
Hibernate: select email0_.email as email1_1_, email0_.name as name2_1_ from email email0_
Hibernate: select count(*) as col_0_0_ from email email0_ where email0_.email=? and 1=1
Hibernate: select email0_.email as email1_1_0_, email0_.name as name2_1_0_ from email email0_ where email0_.email=?
Hibernate: insert into email (name, email) values (?, ?)
Hibernate: select count(*) as col_0_0_ from email email0_ where email0_.email=? and 1=1
Hibernate: select count(*) as col_0_0_ from email email0_ where email0_.email=? and 1=1
Hibernate: select email0_.email as email1_1_, email0_.name as name2_1_ from email email0_
2014-09-20 15:09:23.270  INFO 3345 --- [    Test worker] t.c.t.TransactionalTestExecutionListener : Rolled back transaction after test execution for test context [DefaultTestContext@1536558 testClass = EmailRespositoryIntegrationTest, testInstance = com.projectx.data.repository.EmailRespositoryIntegrationTest@d63e9, testMethod = checkEmailTest@EmailRespositoryIntegrationTest, testException = [null], mergedContextConfiguration = [MergedContextConfiguration@1fea0cf testClass = EmailRespositoryIntegrationTest, locations = '{}', classes = '{class com.projectx.data.Application}', contextInitializerClasses = '[]', activeProfiles = '{Test}', contextLoader = 'org.springframework.boot.test.SpringApplicationContextLoader', parent = [null]]]
2014-09-20 15:09:23.275  INFO 3345 --- [    Test worker] t.c.t.TransactionalTestExecutionListener : Began transaction (3) for test context [DefaultTestContext@1536558 testClass = EmailRespositoryIntegrationTest, testInstance = com.projectx.data.repository.EmailRespositoryIntegrationTest@1fcb5fd, testMethod = addEmailTest@EmailRespositoryIntegrationTest, testException = [null], mergedContextConfiguration = [MergedContextConfiguration@1fea0cf testClass = EmailRespositoryIntegrationTest, locations = '{}', classes = '{class com.projectx.data.Application}', contextInitializerClasses = '[]', activeProfiles = '{Test}', contextLoader = 'org.springframework.boot.test.SpringApplicationContextLoader', parent = [null]]]; transaction manager [org.springframework.orm.jpa.JpaTransactionManager@df3ace]; rollback [true]
Hibernate: select email0_.email as email1_1_, email0_.name as name2_1_ from email email0_
Hibernate: select email0_.email as email1_1_0_, email0_.name as name2_1_0_ from email email0_ where email0_.email=?
Hibernate: insert into email (name, email) values (?, ?)
Hibernate: select email0_.email as email1_1_, email0_.name as name2_1_ from email email0_
2014-09-20 15:09:23.281  INFO 3345 --- [    Test worker] t.c.t.TransactionalTestExecutionListener : Rolled back transaction after test execution for test context [DefaultTestContext@1536558 testClass = EmailRespositoryIntegrationTest, testInstance = com.projectx.data.repository.EmailRespositoryIntegrationTest@1fcb5fd, testMethod = addEmailTest@EmailRespositoryIntegrationTest, testException = [null], mergedContextConfiguration = [MergedContextConfiguration@1fea0cf testClass = EmailRespositoryIntegrationTest, locations = '{}', classes = '{class com.projectx.data.Application}', contextInitializerClasses = '[]', activeProfiles = '{Test}', contextLoader = 'org.springframework.boot.test.SpringApplicationContextLoader', parent = [null]]]
]]></system-out>
  <system-err><![CDATA[]]></system-err>
</testsuite>
