<?xml version="1.0" encoding="UTF-8"?>
<testsuite name="com.projectx.data.controller.CustomerQuickRegisterTest" tests="7" failures="0" errors="0" timestamp="2014-09-22T09:04:29" hostname="dinesh" time="8.315">
  <properties/>
  <testcase name="updateStatusByMobileWithEmailMobileCustomer" classname="com.projectx.data.controller.CustomerQuickRegisterTest" time="7.78"/>
  <testcase name="getStatusByMobileWithEmailMobileCustomer" classname="com.projectx.data.controller.CustomerQuickRegisterTest" time="0.086"/>
  <testcase name="updateStatusByEmailWithEmailMobileCustomer" classname="com.projectx.data.controller.CustomerQuickRegisterTest" time="0.032"/>
  <testcase name="getByMobileWithEmailMobileCustomer" classname="com.projectx.data.controller.CustomerQuickRegisterTest" time="0.192"/>
  <testcase name="getStatusByEmailWithEmailMobileCustomer" classname="com.projectx.data.controller.CustomerQuickRegisterTest" time="0.026"/>
  <testcase name="getAllCustomerWithEmaiMobileAndMobileCustomer" classname="com.projectx.data.controller.CustomerQuickRegisterTest" time="0.134"/>
  <testcase name="getByEmailWithEmailMobileCustomer" classname="com.projectx.data.controller.CustomerQuickRegisterTest" time="0.057"/>
  <system-out><![CDATA[
  .   ____          _            __ _ _
 /\\ / ___'_ __ _ _(_)_ __  __ _ \ \ \ \
( ( )\___ | '_ | '_| | '_ \/ _` | \ \ \ \
 \\/  ___)| |_)| | | | | || (_| |  ) ) ) )
  '  |____| .__|_| |_|_| |_\__, | / / / /
 =========|_|==============|___/=/_/_/_/
 :: Spring Boot ::        (v1.1.5.RELEASE)

2014-09-22 14:34:31.475  INFO 18974 --- [    Test worker] o.s.boot.SpringApplication               : Starting application on dinesh with PID 18974 (/home/dinesh/.m2/repository/org/springframework/boot/spring-boot/1.1.5.RELEASE/spring-boot-1.1.5.RELEASE.jar started by dinesh in /home/dinesh/NewWorkspace/ProjectXDataJPA)
2014-09-22 14:34:31.477  INFO 18974 --- [    Test worker] o.s.w.c.s.GenericWebApplicationContext   : Refreshing org.springframework.web.context.support.GenericWebApplicationContext@1884f73: startup date [Mon Sep 22 14:34:31 IST 2014]; root of context hierarchy
2014-09-22 14:34:33.124  INFO 18974 --- [    Test worker] o.s.b.f.s.DefaultListableBeanFactory     : Overriding bean definition for bean 'beanNameViewResolver': replacing [Root bean: class [null]; scope=; abstract=false; lazyInit=false; autowireMode=3; dependencyCheck=0; autowireCandidate=true; primary=false; factoryBeanName=org.springframework.boot.autoconfigure.web.ErrorMvcAutoConfiguration$WhitelabelErrorViewConfiguration; factoryMethodName=beanNameViewResolver; initMethodName=null; destroyMethodName=(inferred); defined in class path resource [org/springframework/boot/autoconfigure/web/ErrorMvcAutoConfiguration$WhitelabelErrorViewConfiguration.class]] with [Root bean: class [null]; scope=; abstract=false; lazyInit=false; autowireMode=3; dependencyCheck=0; autowireCandidate=true; primary=false; factoryBeanName=org.springframework.boot.autoconfigure.web.WebMvcAutoConfiguration$WebMvcAutoConfigurationAdapter; factoryMethodName=beanNameViewResolver; initMethodName=null; destroyMethodName=(inferred); defined in class path resource [org/springframework/boot/autoconfigure/web/WebMvcAutoConfiguration$WebMvcAutoConfigurationAdapter.class]]
2014-09-22 14:34:33.806  INFO 18974 --- [    Test worker] trationDelegate$BeanPostProcessorChecker : Bean 'org.springframework.transaction.annotation.ProxyTransactionManagementConfiguration' of type [class org.springframework.transaction.annotation.ProxyTransactionManagementConfiguration$$EnhancerBySpringCGLIB$$68b4870c] is not eligible for getting processed by all BeanPostProcessors (for example: not eligible for auto-proxying)
2014-09-22 14:34:33.808  INFO 18974 --- [    Test worker] trationDelegate$BeanPostProcessorChecker : Bean 'transactionAttributeSource' of type [class org.springframework.transaction.annotation.AnnotationTransactionAttributeSource] is not eligible for getting processed by all BeanPostProcessors (for example: not eligible for auto-proxying)
2014-09-22 14:34:33.810  INFO 18974 --- [    Test worker] trationDelegate$BeanPostProcessorChecker : Bean 'transactionInterceptor' of type [class org.springframework.transaction.interceptor.TransactionInterceptor] is not eligible for getting processed by all BeanPostProcessors (for example: not eligible for auto-proxying)
2014-09-22 14:34:33.812  INFO 18974 --- [    Test worker] trationDelegate$BeanPostProcessorChecker : Bean 'org.springframework.transaction.config.internalTransactionAdvisor' of type [class org.springframework.transaction.interceptor.BeanFactoryTransactionAttributeSourceAdvisor] is not eligible for getting processed by all BeanPostProcessors (for example: not eligible for auto-proxying)
2014-09-22 14:34:34.467  INFO 18974 --- [    Test worker] j.LocalContainerEntityManagerFactoryBean : Building JPA container EntityManagerFactory for persistence unit 'default'
2014-09-22 14:34:34.468  INFO 18974 --- [    Test worker] o.hibernate.jpa.internal.util.LogHelper  : HHH000204: Processing PersistenceUnitInfo [
	name: default
	...]
2014-09-22 14:34:34.499  INFO 18974 --- [    Test worker] org.hibernate.dialect.Dialect            : HHH000400: Using dialect: org.hibernate.dialect.HSQLDialect
2014-09-22 14:34:34.514  INFO 18974 --- [    Test worker] o.h.h.i.ast.ASTQueryTranslatorFactory    : HHH000397: Using ASTQueryTranslatorFactory
2014-09-22 14:34:34.576  INFO 18974 --- [    Test worker] org.hibernate.tool.hbm2ddl.SchemaExport  : HHH000227: Running hbm2ddl schema export
Hibernate: drop table customer_quick_register_entity if exists
Hibernate: drop table email if exists
Hibernate: create table customer_quick_register_entity (customer_id bigint generated by default as identity (start with 1), email varchar(255), email_hash bigint, first_name varchar(255), last_name varchar(255), mobile bigint, mobile_pin integer, pin integer, status varchar(255), primary key (customer_id))
Hibernate: create table email (email varchar(255) not null, name varchar(255), primary key (email))
Hibernate: alter table customer_quick_register_entity add constraint UK_489ghacvvidt74n66lx26o2j  unique (email)
Hibernate: alter table customer_quick_register_entity add constraint UK_q9lcp8rk0ctsnf48nuejvtmus  unique (mobile)
2014-09-22 14:34:34.592  INFO 18974 --- [    Test worker] org.hibernate.tool.hbm2ddl.SchemaExport  : HHH000230: Schema export complete
2014-09-22 14:34:34.594  WARN 18974 --- [    Test worker] o.h.j.i.EntityManagerFactoryRegistry     : HHH000436: Entity manager factory name (default) is already registered.  If entity manager will be clustered or passivated, specify a unique value for property 'hibernate.ejb.entitymanager_factory_name'
2014-09-22 14:34:36.363  INFO 18974 --- [    Test worker] o.s.w.s.handler.SimpleUrlHandlerMapping  : Mapped URL path [/**/favicon.ico] onto handler of type [class org.springframework.web.servlet.resource.ResourceHttpRequestHandler]
2014-09-22 14:34:36.549  INFO 18974 --- [    Test worker] s.w.s.m.m.a.RequestMappingHandlerMapping : Mapped "{[/email/getbyemail],methods=[POST],params=[],headers=[],consumes=[],produces=[],custom=[]}" onto public org.springframework.http.ResponseEntity<com.projectx.data.domain.Email> com.projectx.data.controller.EmailEntityController.findByEmail(java.lang.String)
2014-09-22 14:34:36.550  INFO 18974 --- [    Test worker] s.w.s.m.m.a.RequestMappingHandlerMapping : Mapped "{[/email/addemail],methods=[POST],params=[],headers=[],consumes=[],produces=[],custom=[]}" onto public org.springframework.http.ResponseEntity<com.projectx.data.domain.Email> com.projectx.data.controller.EmailEntityController.addemail(com.projectx.data.domain.Email,org.springframework.web.util.UriComponentsBuilder)
2014-09-22 14:34:36.550  INFO 18974 --- [    Test worker] s.w.s.m.m.a.RequestMappingHandlerMapping : Mapped "{[/email/checkemail],methods=[POST],params=[],headers=[],consumes=[],produces=[],custom=[]}" onto public org.springframework.http.ResponseEntity<java.lang.Boolean> com.projectx.data.controller.EmailEntityController.checkifExistEmail(java.lang.String)
2014-09-22 14:34:36.551  INFO 18974 --- [    Test worker] s.w.s.m.m.a.RequestMappingHandlerMapping : Mapped "{[/email/getemail/{email}],methods=[GET],params=[],headers=[],consumes=[],produces=[],custom=[]}" onto public org.springframework.http.ResponseEntity<com.projectx.data.domain.Email> com.projectx.data.controller.EmailEntityController.viewEmail(java.lang.String)
2014-09-22 14:34:36.551  INFO 18974 --- [    Test worker] s.w.s.m.m.a.RequestMappingHandlerMapping : Mapped "{[/email/getallemail],methods=[GET],params=[],headers=[],consumes=[],produces=[],custom=[]}" onto public org.springframework.http.ResponseEntity<java.util.List<com.projectx.data.domain.Email>> com.projectx.data.controller.EmailEntityController.fetchAllEmails()
2014-09-22 14:34:36.553  INFO 18974 --- [    Test worker] s.w.s.m.m.a.RequestMappingHandlerMapping : Mapped "{[/customer/quickregister],methods=[POST],params=[],headers=[],consumes=[],produces=[],custom=[]}" onto public com.projectx.data.domain.CustomerQuickRegisterEntity com.projectx.data.controller.CustomerQuickRegisterController.saveNewCustomer(com.projectx.data.domain.CustomerQuickRegisterEntity)
2014-09-22 14:34:36.554  INFO 18974 --- [    Test worker] s.w.s.m.m.a.RequestMappingHandlerMapping : Mapped "{[/customer/quickregister/getAll],methods=[GET],params=[],headers=[],consumes=[],produces=[],custom=[]}" onto public java.util.List<com.projectx.data.domain.CustomerQuickRegisterEntity> com.projectx.data.controller.CustomerQuickRegisterController.getAllCustomer()
2014-09-22 14:34:36.554  INFO 18974 --- [    Test worker] s.w.s.m.m.a.RequestMappingHandlerMapping : Mapped "{[/customer/quickregister/getStatusByEmail],methods=[POST],params=[],headers=[],consumes=[],produces=[],custom=[]}" onto public java.lang.String com.projectx.data.controller.CustomerQuickRegisterController.getStatusByEmail(com.projectx.rest.domain.GetByEmailDTO)
2014-09-22 14:34:36.554  INFO 18974 --- [    Test worker] s.w.s.m.m.a.RequestMappingHandlerMapping : Mapped "{[/customer/quickregister/getStatusByMobile],methods=[POST],params=[],headers=[],consumes=[],produces=[],custom=[]}" onto public java.lang.String com.projectx.data.controller.CustomerQuickRegisterController.getStatusByEmail(com.projectx.rest.domain.GetByMobileDTO)
2014-09-22 14:34:36.554  INFO 18974 --- [    Test worker] s.w.s.m.m.a.RequestMappingHandlerMapping : Mapped "{[/customer/quickregister/getByEmail],methods=[POST],params=[],headers=[],consumes=[],produces=[],custom=[]}" onto public com.projectx.data.domain.CustomerQuickRegisterEntity com.projectx.data.controller.CustomerQuickRegisterController.getCustomerByEmail(com.projectx.rest.domain.GetByEmailDTO)
2014-09-22 14:34:36.555  INFO 18974 --- [    Test worker] s.w.s.m.m.a.RequestMappingHandlerMapping : Mapped "{[/customer/quickregister/getByMobile],methods=[POST],params=[],headers=[],consumes=[],produces=[],custom=[]}" onto public com.projectx.data.domain.CustomerQuickRegisterEntity com.projectx.data.controller.CustomerQuickRegisterController.getCustomerByMobile(com.projectx.rest.domain.GetByMobileDTO)
2014-09-22 14:34:36.555  INFO 18974 --- [    Test worker] s.w.s.m.m.a.RequestMappingHandlerMapping : Mapped "{[/customer/quickregister/updateStatusByMobile],methods=[POST],params=[],headers=[],consumes=[],produces=[],custom=[]}" onto public java.lang.Integer com.projectx.data.controller.CustomerQuickRegisterController.updateCustomerStatusByMobile(com.projectx.rest.domain.UpdateStatusByMobileDTO)
2014-09-22 14:34:36.556  INFO 18974 --- [    Test worker] s.w.s.m.m.a.RequestMappingHandlerMapping : Mapped "{[/customer/quickregister/updateStatusByEmail],methods=[POST],params=[],headers=[],consumes=[],produces=[],custom=[]}" onto public java.lang.Integer com.projectx.data.controller.CustomerQuickRegisterController.updateCustomerStatusByEmail(com.projectx.rest.domain.UpdateStatusByEmailDTO)
2014-09-22 14:34:36.558  INFO 18974 --- [    Test worker] s.w.s.m.m.a.RequestMappingHandlerMapping : Mapped "{[/error],methods=[],params=[],headers=[],consumes=[],produces=[text/html],custom=[]}" onto public org.springframework.web.servlet.ModelAndView org.springframework.boot.autoconfigure.web.BasicErrorController.errorHtml(javax.servlet.http.HttpServletRequest)
2014-09-22 14:34:36.559  INFO 18974 --- [    Test worker] s.w.s.m.m.a.RequestMappingHandlerMapping : Mapped "{[/error],methods=[],params=[],headers=[],consumes=[],produces=[],custom=[]}" onto public org.springframework.http.ResponseEntity<java.util.Map<java.lang.String, java.lang.Object>> org.springframework.boot.autoconfigure.web.BasicErrorController.error(javax.servlet.http.HttpServletRequest)
2014-09-22 14:34:36.582  INFO 18974 --- [    Test worker] o.s.w.s.handler.SimpleUrlHandlerMapping  : Mapped URL path [/**] onto handler of type [class org.springframework.web.servlet.resource.ResourceHttpRequestHandler]
2014-09-22 14:34:36.582  INFO 18974 --- [    Test worker] o.s.w.s.handler.SimpleUrlHandlerMapping  : Mapped URL path [/webjars/**] onto handler of type [class org.springframework.web.servlet.resource.ResourceHttpRequestHandler]
2014-09-22 14:34:37.082  INFO 18974 --- [    Test worker] o.s.boot.SpringApplication               : Started application in 5.94 seconds (JVM running for 34.899)
2014-09-22 14:34:37.182  INFO 18974 --- [    Test worker] t.c.t.TransactionalTestExecutionListener : Began transaction (1) for test context [DefaultTestContext@187a805 testClass = CustomerQuickRegisterTest, testInstance = com.projectx.data.controller.CustomerQuickRegisterTest@12801df, testMethod = updateStatusByMobileWithEmailMobileCustomer@CustomerQuickRegisterTest, testException = [null], mergedContextConfiguration = [WebMergedContextConfiguration@192f0af testClass = CustomerQuickRegisterTest, locations = '{}', classes = '{class com.projectx.data.Application}', contextInitializerClasses = '[]', activeProfiles = '{Test}', resourceBasePath = 'src/main/webapp', contextLoader = 'org.springframework.boot.test.SpringApplicationContextLoader', parent = [null]]]; transaction manager [org.springframework.orm.jpa.JpaTransactionManager@1984f64]; rollback [true]
2014-09-22 14:34:37.189  INFO 18974 --- [    Test worker] o.s.mock.web.MockServletContext          : Initializing Spring FrameworkServlet ''
2014-09-22 14:34:37.189  INFO 18974 --- [    Test worker] o.s.t.web.servlet.TestDispatcherServlet  : FrameworkServlet '': initialization started
2014-09-22 14:34:37.237  INFO 18974 --- [    Test worker] o.s.t.web.servlet.TestDispatcherServlet  : FrameworkServlet '': initialization completed in 46 ms
Hibernate: insert into customer_quick_register_entity (customer_id, email, email_hash, first_name, last_name, mobile, mobile_pin, pin, status) values (default, ?, ?, ?, ?, ?, ?, ?, ?)
9960821869 UpdatedStatus
Hibernate: update customer_quick_register_entity set status=? where mobile=?

MockHttpServletRequest:
         HTTP Method = POST
         Request URI = /customer/quickregister/updateStatusByMobile
          Parameters = {}
             Headers = {Content-Type=[application/json], Accept=[application/json]}

             Handler:
                Type = com.projectx.data.controller.CustomerQuickRegisterController
              Method = public java.lang.Integer com.projectx.data.controller.CustomerQuickRegisterController.updateCustomerStatusByMobile(com.projectx.rest.domain.UpdateStatusByMobileDTO)

               Async:
   Was async started = false
        Async result = null

  Resolved Exception:
                Type = null

        ModelAndView:
           View name = null
                View = null
               Model = null

            FlashMap:

MockHttpServletResponse:
              Status = 200
       Error message = null
             Headers = {Content-Type=[application/json;charset=UTF-8]}
        Content type = application/json;charset=UTF-8
                Body = 1
       Forwarded URL = null
      Redirected URL = null
             Cookies = []
2014-09-22 14:34:37.758  INFO 18974 --- [    Test worker] t.c.t.TransactionalTestExecutionListener : Rolled back transaction after test execution for test context [DefaultTestContext@187a805 testClass = CustomerQuickRegisterTest, testInstance = com.projectx.data.controller.CustomerQuickRegisterTest@12801df, testMethod = updateStatusByMobileWithEmailMobileCustomer@CustomerQuickRegisterTest, testException = [null], mergedContextConfiguration = [WebMergedContextConfiguration@192f0af testClass = CustomerQuickRegisterTest, locations = '{}', classes = '{class com.projectx.data.Application}', contextInitializerClasses = '[]', activeProfiles = '{Test}', resourceBasePath = 'src/main/webapp', contextLoader = 'org.springframework.boot.test.SpringApplicationContextLoader', parent = [null]]]
2014-09-22 14:34:37.761  INFO 18974 --- [    Test worker] t.c.t.TransactionalTestExecutionListener : Began transaction (2) for test context [DefaultTestContext@187a805 testClass = CustomerQuickRegisterTest, testInstance = com.projectx.data.controller.CustomerQuickRegisterTest@b54c98, testMethod = getStatusByMobileWithEmailMobileCustomer@CustomerQuickRegisterTest, testException = [null], mergedContextConfiguration = [WebMergedContextConfiguration@192f0af testClass = CustomerQuickRegisterTest, locations = '{}', classes = '{class com.projectx.data.Application}', contextInitializerClasses = '[]', activeProfiles = '{Test}', resourceBasePath = 'src/main/webapp', contextLoader = 'org.springframework.boot.test.SpringApplicationContextLoader', parent = [null]]]; transaction manager [org.springframework.orm.jpa.JpaTransactionManager@1984f64]; rollback [true]
2014-09-22 14:34:37.768  INFO 18974 --- [    Test worker] o.s.mock.web.MockServletContext          : Initializing Spring FrameworkServlet ''
2014-09-22 14:34:37.768  INFO 18974 --- [    Test worker] o.s.t.web.servlet.TestDispatcherServlet  : FrameworkServlet '': initialization started
2014-09-22 14:34:37.773  INFO 18974 --- [    Test worker] o.s.t.web.servlet.TestDispatcherServlet  : FrameworkServlet '': initialization completed in 5 ms
Hibernate: insert into customer_quick_register_entity (customer_id, email, email_hash, first_name, last_name, mobile, mobile_pin, pin, status) values (default, ?, ?, ?, ?, ?, ?, ?, ?)
Hibernate: select status from customer_quick_register_entity where mobile=?

MockHttpServletRequest:
         HTTP Method = POST
         Request URI = /customer/quickregister/getStatusByMobile
          Parameters = {}
             Headers = {Content-Type=[application/json], Accept=[application/json]}

             Handler:
                Type = com.projectx.data.controller.CustomerQuickRegisterController
              Method = public java.lang.String com.projectx.data.controller.CustomerQuickRegisterController.getStatusByEmail(com.projectx.rest.domain.GetByMobileDTO)

               Async:
   Was async started = false
        Async result = null

  Resolved Exception:
                Type = null

        ModelAndView:
           View name = null
                View = null
               Model = null

            FlashMap:

MockHttpServletResponse:
              Status = 200
       Error message = null
             Headers = {Content-Type=[application/json;charset=UTF-8], Content-Length=[30]}
        Content type = application/json;charset=UTF-8
                Body = EmailMobileVerificationPending
       Forwarded URL = null
      Redirected URL = null
             Cookies = []
2014-09-22 14:34:37.845  INFO 18974 --- [    Test worker] t.c.t.TransactionalTestExecutionListener : Rolled back transaction after test execution for test context [DefaultTestContext@187a805 testClass = CustomerQuickRegisterTest, testInstance = com.projectx.data.controller.CustomerQuickRegisterTest@b54c98, testMethod = getStatusByMobileWithEmailMobileCustomer@CustomerQuickRegisterTest, testException = [null], mergedContextConfiguration = [WebMergedContextConfiguration@192f0af testClass = CustomerQuickRegisterTest, locations = '{}', classes = '{class com.projectx.data.Application}', contextInitializerClasses = '[]', activeProfiles = '{Test}', resourceBasePath = 'src/main/webapp', contextLoader = 'org.springframework.boot.test.SpringApplicationContextLoader', parent = [null]]]
2014-09-22 14:34:37.848  INFO 18974 --- [    Test worker] t.c.t.TransactionalTestExecutionListener : Began transaction (3) for test context [DefaultTestContext@187a805 testClass = CustomerQuickRegisterTest, testInstance = com.projectx.data.controller.CustomerQuickRegisterTest@a27393, testMethod = updateStatusByEmailWithEmailMobileCustomer@CustomerQuickRegisterTest, testException = [null], mergedContextConfiguration = [WebMergedContextConfiguration@192f0af testClass = CustomerQuickRegisterTest, locations = '{}', classes = '{class com.projectx.data.Application}', contextInitializerClasses = '[]', activeProfiles = '{Test}', resourceBasePath = 'src/main/webapp', contextLoader = 'org.springframework.boot.test.SpringApplicationContextLoader', parent = [null]]]; transaction manager [org.springframework.orm.jpa.JpaTransactionManager@1984f64]; rollback [true]
2014-09-22 14:34:37.849  INFO 18974 --- [    Test worker] o.s.mock.web.MockServletContext          : Initializing Spring FrameworkServlet ''
2014-09-22 14:34:37.849  INFO 18974 --- [    Test worker] o.s.t.web.servlet.TestDispatcherServlet  : FrameworkServlet '': initialization started
2014-09-22 14:34:37.857  INFO 18974 --- [    Test worker] o.s.t.web.servlet.TestDispatcherServlet  : FrameworkServlet '': initialization completed in 8 ms
Hibernate: insert into customer_quick_register_entity (customer_id, email, email_hash, first_name, last_name, mobile, mobile_pin, pin, status) values (default, ?, ?, ?, ?, ?, ?, ?, ?)
dineshshe@gmail.com UpdatedStatus
Hibernate: update customer_quick_register_entity set status=? where email=?

MockHttpServletRequest:
         HTTP Method = POST
         Request URI = /customer/quickregister/updateStatusByEmail
          Parameters = {}
             Headers = {Content-Type=[application/json], Accept=[application/json]}

             Handler:
                Type = com.projectx.data.controller.CustomerQuickRegisterController
              Method = public java.lang.Integer com.projectx.data.controller.CustomerQuickRegisterController.updateCustomerStatusByEmail(com.projectx.rest.domain.UpdateStatusByEmailDTO)

               Async:
   Was async started = false
        Async result = null

  Resolved Exception:
                Type = null

        ModelAndView:
           View name = null
                View = null
               Model = null

            FlashMap:

MockHttpServletResponse:
              Status = 200
       Error message = null
             Headers = {Content-Type=[application/json;charset=UTF-8]}
        Content type = application/json;charset=UTF-8
                Body = 1
       Forwarded URL = null
      Redirected URL = null
             Cookies = []
2014-09-22 14:34:37.877  INFO 18974 --- [    Test worker] t.c.t.TransactionalTestExecutionListener : Rolled back transaction after test execution for test context [DefaultTestContext@187a805 testClass = CustomerQuickRegisterTest, testInstance = com.projectx.data.controller.CustomerQuickRegisterTest@a27393, testMethod = updateStatusByEmailWithEmailMobileCustomer@CustomerQuickRegisterTest, testException = [null], mergedContextConfiguration = [WebMergedContextConfiguration@192f0af testClass = CustomerQuickRegisterTest, locations = '{}', classes = '{class com.projectx.data.Application}', contextInitializerClasses = '[]', activeProfiles = '{Test}', resourceBasePath = 'src/main/webapp', contextLoader = 'org.springframework.boot.test.SpringApplicationContextLoader', parent = [null]]]
2014-09-22 14:34:37.882  INFO 18974 --- [    Test worker] t.c.t.TransactionalTestExecutionListener : Began transaction (4) for test context [DefaultTestContext@187a805 testClass = CustomerQuickRegisterTest, testInstance = com.projectx.data.controller.CustomerQuickRegisterTest@187b640, testMethod = getByMobileWithEmailMobileCustomer@CustomerQuickRegisterTest, testException = [null], mergedContextConfiguration = [WebMergedContextConfiguration@192f0af testClass = CustomerQuickRegisterTest, locations = '{}', classes = '{class com.projectx.data.Application}', contextInitializerClasses = '[]', activeProfiles = '{Test}', resourceBasePath = 'src/main/webapp', contextLoader = 'org.springframework.boot.test.SpringApplicationContextLoader', parent = [null]]]; transaction manager [org.springframework.orm.jpa.JpaTransactionManager@1984f64]; rollback [true]
2014-09-22 14:34:37.882  INFO 18974 --- [    Test worker] o.s.mock.web.MockServletContext          : Initializing Spring FrameworkServlet ''
2014-09-22 14:34:37.883  INFO 18974 --- [    Test worker] o.s.t.web.servlet.TestDispatcherServlet  : FrameworkServlet '': initialization started
2014-09-22 14:34:37.885  INFO 18974 --- [    Test worker] o.s.t.web.servlet.TestDispatcherServlet  : FrameworkServlet '': initialization completed in 2 ms
Hibernate: insert into customer_quick_register_entity (customer_id, email, email_hash, first_name, last_name, mobile, mobile_pin, pin, status) values (default, ?, ?, ?, ?, ?, ?, ?, ?)

MockHttpServletRequest:
         HTTP Method = POST
         Request URI = /customer/quickregister
          Parameters = {}
             Headers = {Content-Type=[application/json], Accept=[application/json]}

             Handler:
                Type = com.projectx.data.controller.CustomerQuickRegisterController
              Method = public com.projectx.data.domain.CustomerQuickRegisterEntity com.projectx.data.controller.CustomerQuickRegisterController.saveNewCustomer(com.projectx.data.domain.CustomerQuickRegisterEntity)

               Async:
   Was async started = false
        Async result = null

  Resolved Exception:
                Type = null

        ModelAndView:
           View name = null
                View = null
               Model = null

            FlashMap:

MockHttpServletResponse:
              Status = 200
       Error message = null
             Headers = {Content-Type=[application/json;charset=UTF-8]}
        Content type = application/json;charset=UTF-8
                Body = {"firstName":"dinesh","lastName":"shende","email":"dineshshe@gmail.com","mobile":9960821869,"pin":413133,"status":"EmailMobileVerificationPending","mobilePin":101010,"emailHash":10101010}
       Forwarded URL = null
      Redirected URL = null
             Cookies = []
Hibernate: select customerqu0_.customer_id as customer1_0_, customerqu0_.email as email2_0_, customerqu0_.email_hash as email_ha3_0_, customerqu0_.first_name as first_na4_0_, customerqu0_.last_name as last_nam5_0_, customerqu0_.mobile as mobile6_0_, customerqu0_.mobile_pin as mobile_p7_0_, customerqu0_.pin as pin8_0_, customerqu0_.status as status9_0_ from customer_quick_register_entity customerqu0_ where customerqu0_.mobile=?

MockHttpServletRequest:
         HTTP Method = POST
         Request URI = /customer/quickregister/getByMobile
          Parameters = {}
             Headers = {Content-Type=[application/json], Accept=[application/json]}

             Handler:
                Type = com.projectx.data.controller.CustomerQuickRegisterController
              Method = public com.projectx.data.domain.CustomerQuickRegisterEntity com.projectx.data.controller.CustomerQuickRegisterController.getCustomerByMobile(com.projectx.rest.domain.GetByMobileDTO)

               Async:
   Was async started = false
        Async result = null

  Resolved Exception:
                Type = null

        ModelAndView:
           View name = null
                View = null
               Model = null

            FlashMap:

MockHttpServletResponse:
              Status = 200
       Error message = null
             Headers = {Content-Type=[application/json;charset=UTF-8]}
        Content type = application/json;charset=UTF-8
                Body = {"firstName":"dinesh","lastName":"shende","email":"dineshshe@gmail.com","mobile":9960821869,"pin":413133,"status":"EmailMobileVerificationPending","mobilePin":101010,"emailHash":10101010}
       Forwarded URL = null
      Redirected URL = null
             Cookies = []
2014-09-22 14:34:38.069  INFO 18974 --- [    Test worker] t.c.t.TransactionalTestExecutionListener : Rolled back transaction after test execution for test context [DefaultTestContext@187a805 testClass = CustomerQuickRegisterTest, testInstance = com.projectx.data.controller.CustomerQuickRegisterTest@187b640, testMethod = getByMobileWithEmailMobileCustomer@CustomerQuickRegisterTest, testException = [null], mergedContextConfiguration = [WebMergedContextConfiguration@192f0af testClass = CustomerQuickRegisterTest, locations = '{}', classes = '{class com.projectx.data.Application}', contextInitializerClasses = '[]', activeProfiles = '{Test}', resourceBasePath = 'src/main/webapp', contextLoader = 'org.springframework.boot.test.SpringApplicationContextLoader', parent = [null]]]
2014-09-22 14:34:38.074  INFO 18974 --- [    Test worker] t.c.t.TransactionalTestExecutionListener : Began transaction (5) for test context [DefaultTestContext@187a805 testClass = CustomerQuickRegisterTest, testInstance = com.projectx.data.controller.CustomerQuickRegisterTest@e4b7df, testMethod = getStatusByEmailWithEmailMobileCustomer@CustomerQuickRegisterTest, testException = [null], mergedContextConfiguration = [WebMergedContextConfiguration@192f0af testClass = CustomerQuickRegisterTest, locations = '{}', classes = '{class com.projectx.data.Application}', contextInitializerClasses = '[]', activeProfiles = '{Test}', resourceBasePath = 'src/main/webapp', contextLoader = 'org.springframework.boot.test.SpringApplicationContextLoader', parent = [null]]]; transaction manager [org.springframework.orm.jpa.JpaTransactionManager@1984f64]; rollback [true]
2014-09-22 14:34:38.075  INFO 18974 --- [    Test worker] o.s.mock.web.MockServletContext          : Initializing Spring FrameworkServlet ''
2014-09-22 14:34:38.076  INFO 18974 --- [    Test worker] o.s.t.web.servlet.TestDispatcherServlet  : FrameworkServlet '': initialization started
2014-09-22 14:34:38.078  INFO 18974 --- [    Test worker] o.s.t.web.servlet.TestDispatcherServlet  : FrameworkServlet '': initialization completed in 2 ms
Hibernate: insert into customer_quick_register_entity (customer_id, email, email_hash, first_name, last_name, mobile, mobile_pin, pin, status) values (default, ?, ?, ?, ?, ?, ?, ?, ?)
Hibernate: select status from customer_quick_register_entity where email=?

MockHttpServletRequest:
         HTTP Method = POST
         Request URI = /customer/quickregister/getStatusByEmail
          Parameters = {}
             Headers = {Content-Type=[application/json], Accept=[application/json]}

             Handler:
                Type = com.projectx.data.controller.CustomerQuickRegisterController
              Method = public java.lang.String com.projectx.data.controller.CustomerQuickRegisterController.getStatusByEmail(com.projectx.rest.domain.GetByEmailDTO)

               Async:
   Was async started = false
        Async result = null

  Resolved Exception:
                Type = null

        ModelAndView:
           View name = null
                View = null
               Model = null

            FlashMap:

MockHttpServletResponse:
              Status = 200
       Error message = null
             Headers = {Content-Type=[application/json;charset=UTF-8], Content-Length=[30]}
        Content type = application/json;charset=UTF-8
                Body = EmailMobileVerificationPending
       Forwarded URL = null
      Redirected URL = null
             Cookies = []
2014-09-22 14:34:38.097  INFO 18974 --- [    Test worker] t.c.t.TransactionalTestExecutionListener : Rolled back transaction after test execution for test context [DefaultTestContext@187a805 testClass = CustomerQuickRegisterTest, testInstance = com.projectx.data.controller.CustomerQuickRegisterTest@e4b7df, testMethod = getStatusByEmailWithEmailMobileCustomer@CustomerQuickRegisterTest, testException = [null], mergedContextConfiguration = [WebMergedContextConfiguration@192f0af testClass = CustomerQuickRegisterTest, locations = '{}', classes = '{class com.projectx.data.Application}', contextInitializerClasses = '[]', activeProfiles = '{Test}', resourceBasePath = 'src/main/webapp', contextLoader = 'org.springframework.boot.test.SpringApplicationContextLoader', parent = [null]]]
2014-09-22 14:34:38.102  INFO 18974 --- [    Test worker] t.c.t.TransactionalTestExecutionListener : Began transaction (6) for test context [DefaultTestContext@187a805 testClass = CustomerQuickRegisterTest, testInstance = com.projectx.data.controller.CustomerQuickRegisterTest@7a8beb, testMethod = getAllCustomerWithEmaiMobileAndMobileCustomer@CustomerQuickRegisterTest, testException = [null], mergedContextConfiguration = [WebMergedContextConfiguration@192f0af testClass = CustomerQuickRegisterTest, locations = '{}', classes = '{class com.projectx.data.Application}', contextInitializerClasses = '[]', activeProfiles = '{Test}', resourceBasePath = 'src/main/webapp', contextLoader = 'org.springframework.boot.test.SpringApplicationContextLoader', parent = [null]]]; transaction manager [org.springframework.orm.jpa.JpaTransactionManager@1984f64]; rollback [true]
2014-09-22 14:34:38.103  INFO 18974 --- [    Test worker] o.s.mock.web.MockServletContext          : Initializing Spring FrameworkServlet ''
2014-09-22 14:34:38.103  INFO 18974 --- [    Test worker] o.s.t.web.servlet.TestDispatcherServlet  : FrameworkServlet '': initialization started
2014-09-22 14:34:38.106  INFO 18974 --- [    Test worker] o.s.t.web.servlet.TestDispatcherServlet  : FrameworkServlet '': initialization completed in 2 ms
Hibernate: insert into customer_quick_register_entity (customer_id, email, email_hash, first_name, last_name, mobile, mobile_pin, pin, status) values (default, ?, ?, ?, ?, ?, ?, ?, ?)
Hibernate: insert into customer_quick_register_entity (customer_id, email, email_hash, first_name, last_name, mobile, mobile_pin, pin, status) values (default, ?, ?, ?, ?, ?, ?, ?, ?)
Hibernate: select customerqu0_.customer_id as customer1_0_, customerqu0_.email as email2_0_, customerqu0_.email_hash as email_ha3_0_, customerqu0_.first_name as first_na4_0_, customerqu0_.last_name as last_nam5_0_, customerqu0_.mobile as mobile6_0_, customerqu0_.mobile_pin as mobile_p7_0_, customerqu0_.pin as pin8_0_, customerqu0_.status as status9_0_ from customer_quick_register_entity customerqu0_

MockHttpServletRequest:
         HTTP Method = GET
         Request URI = /customer/quickregister/getAll
          Parameters = {}
             Headers = {}

             Handler:
                Type = com.projectx.data.controller.CustomerQuickRegisterController
              Method = public java.util.List<com.projectx.data.domain.CustomerQuickRegisterEntity> com.projectx.data.controller.CustomerQuickRegisterController.getAllCustomer()

               Async:
   Was async started = false
        Async result = null

  Resolved Exception:
                Type = null

        ModelAndView:
           View name = null
                View = null
               Model = null

            FlashMap:

MockHttpServletResponse:
              Status = 200
       Error message = null
             Headers = {Content-Type=[application/json;charset=UTF-8]}
        Content type = application/json;charset=UTF-8
                Body = [{"firstName":"dinesh","lastName":"shende","email":"dineshshe@gmail.com","mobile":9960821869,"pin":413133,"status":"EmailMobileVerificationPending","mobilePin":101010,"emailHash":10101010},{"firstName":"dinesh","lastName":"shende","email":"shendedinesh@gmail.com","mobile":null,"pin":413133,"status":null,"mobilePin":null,"emailHash":null}]
       Forwarded URL = null
      Redirected URL = null
             Cookies = []
2014-09-22 14:34:38.233  INFO 18974 --- [    Test worker] t.c.t.TransactionalTestExecutionListener : Rolled back transaction after test execution for test context [DefaultTestContext@187a805 testClass = CustomerQuickRegisterTest, testInstance = com.projectx.data.controller.CustomerQuickRegisterTest@7a8beb, testMethod = getAllCustomerWithEmaiMobileAndMobileCustomer@CustomerQuickRegisterTest, testException = [null], mergedContextConfiguration = [WebMergedContextConfiguration@192f0af testClass = CustomerQuickRegisterTest, locations = '{}', classes = '{class com.projectx.data.Application}', contextInitializerClasses = '[]', activeProfiles = '{Test}', resourceBasePath = 'src/main/webapp', contextLoader = 'org.springframework.boot.test.SpringApplicationContextLoader', parent = [null]]]
2014-09-22 14:34:38.238  INFO 18974 --- [    Test worker] t.c.t.TransactionalTestExecutionListener : Began transaction (7) for test context [DefaultTestContext@187a805 testClass = CustomerQuickRegisterTest, testInstance = com.projectx.data.controller.CustomerQuickRegisterTest@16997c3, testMethod = getByEmailWithEmailMobileCustomer@CustomerQuickRegisterTest, testException = [null], mergedContextConfiguration = [WebMergedContextConfiguration@192f0af testClass = CustomerQuickRegisterTest, locations = '{}', classes = '{class com.projectx.data.Application}', contextInitializerClasses = '[]', activeProfiles = '{Test}', resourceBasePath = 'src/main/webapp', contextLoader = 'org.springframework.boot.test.SpringApplicationContextLoader', parent = [null]]]; transaction manager [org.springframework.orm.jpa.JpaTransactionManager@1984f64]; rollback [true]
2014-09-22 14:34:38.239  INFO 18974 --- [    Test worker] o.s.mock.web.MockServletContext          : Initializing Spring FrameworkServlet ''
2014-09-22 14:34:38.240  INFO 18974 --- [    Test worker] o.s.t.web.servlet.TestDispatcherServlet  : FrameworkServlet '': initialization started
2014-09-22 14:34:38.242  INFO 18974 --- [    Test worker] o.s.t.web.servlet.TestDispatcherServlet  : FrameworkServlet '': initialization completed in 2 ms
Hibernate: insert into customer_quick_register_entity (customer_id, email, email_hash, first_name, last_name, mobile, mobile_pin, pin, status) values (default, ?, ?, ?, ?, ?, ?, ?, ?)

MockHttpServletRequest:
         HTTP Method = POST
         Request URI = /customer/quickregister
          Parameters = {}
             Headers = {Content-Type=[application/json], Accept=[application/json]}

             Handler:
                Type = com.projectx.data.controller.CustomerQuickRegisterController
              Method = public com.projectx.data.domain.CustomerQuickRegisterEntity com.projectx.data.controller.CustomerQuickRegisterController.saveNewCustomer(com.projectx.data.domain.CustomerQuickRegisterEntity)

               Async:
   Was async started = false
        Async result = null

  Resolved Exception:
                Type = null

        ModelAndView:
           View name = null
                View = null
               Model = null

            FlashMap:

MockHttpServletResponse:
              Status = 200
       Error message = null
             Headers = {Content-Type=[application/json;charset=UTF-8]}
        Content type = application/json;charset=UTF-8
                Body = {"firstName":"dinesh","lastName":"shende","email":"dineshshe@gmail.com","mobile":9960821869,"pin":413133,"status":"EmailMobileVerificationPending","mobilePin":101010,"emailHash":10101010}
       Forwarded URL = null
      Redirected URL = null
             Cookies = []
Hibernate: select customerqu0_.customer_id as customer1_0_, customerqu0_.email as email2_0_, customerqu0_.email_hash as email_ha3_0_, customerqu0_.first_name as first_na4_0_, customerqu0_.last_name as last_nam5_0_, customerqu0_.mobile as mobile6_0_, customerqu0_.mobile_pin as mobile_p7_0_, customerqu0_.pin as pin8_0_, customerqu0_.status as status9_0_ from customer_quick_register_entity customerqu0_ where customerqu0_.email=?

MockHttpServletRequest:
         HTTP Method = POST
         Request URI = /customer/quickregister/getByEmail
          Parameters = {}
             Headers = {Content-Type=[application/json], Accept=[application/json]}

             Handler:
                Type = com.projectx.data.controller.CustomerQuickRegisterController
              Method = public com.projectx.data.domain.CustomerQuickRegisterEntity com.projectx.data.controller.CustomerQuickRegisterController.getCustomerByEmail(com.projectx.rest.domain.GetByEmailDTO)

               Async:
   Was async started = false
        Async result = null

  Resolved Exception:
                Type = null

        ModelAndView:
           View name = null
                View = null
               Model = null

            FlashMap:

MockHttpServletResponse:
              Status = 200
       Error message = null
             Headers = {Content-Type=[application/json;charset=UTF-8]}
        Content type = application/json;charset=UTF-8
                Body = {"firstName":"dinesh","lastName":"shende","email":"dineshshe@gmail.com","mobile":9960821869,"pin":413133,"status":"EmailMobileVerificationPending","mobilePin":101010,"emailHash":10101010}
       Forwarded URL = null
      Redirected URL = null
             Cookies = []
2014-09-22 14:34:38.292  INFO 18974 --- [    Test worker] t.c.t.TransactionalTestExecutionListener : Rolled back transaction after test execution for test context [DefaultTestContext@187a805 testClass = CustomerQuickRegisterTest, testInstance = com.projectx.data.controller.CustomerQuickRegisterTest@16997c3, testMethod = getByEmailWithEmailMobileCustomer@CustomerQuickRegisterTest, testException = [null], mergedContextConfiguration = [WebMergedContextConfiguration@192f0af testClass = CustomerQuickRegisterTest, locations = '{}', classes = '{class com.projectx.data.Application}', contextInitializerClasses = '[]', activeProfiles = '{Test}', resourceBasePath = 'src/main/webapp', contextLoader = 'org.springframework.boot.test.SpringApplicationContextLoader', parent = [null]]]
]]></system-out>
  <system-err><![CDATA[]]></system-err>
</testsuite>
