<?xml version="1.0" encoding="UTF-8"?>
<testsuite name="com.projectx.data.repository.EmailRespositoryIntegrationTest" tests="3" failures="0" errors="0" timestamp="2014-09-22T09:04:08" hostname="dinesh" time="15.296">
  <properties/>
  <testcase name="findAll" classname="com.projectx.data.repository.EmailRespositoryIntegrationTest" time="15.251"/>
  <testcase name="checkEmailTest" classname="com.projectx.data.repository.EmailRespositoryIntegrationTest" time="0.034"/>
  <testcase name="addEmailTest" classname="com.projectx.data.repository.EmailRespositoryIntegrationTest" time="0.008"/>
  <system-out><![CDATA[14:34:08.006 [Test worker] DEBUG o.s.t.c.j.SpringJUnit4ClassRunner - SpringJUnit4ClassRunner constructor called with [class com.projectx.data.repository.EmailRespositoryIntegrationTest].
14:34:08.198 [Test worker] DEBUG o.s.test.context.ContextLoaderUtils - Found explicit ContextLoader class [org.springframework.boot.test.SpringApplicationContextLoader] for context configuration attributes [ContextConfigurationAttributes@1d2b203 declaringClass = 'com.projectx.data.repository.EmailRespositoryIntegrationTest', locations = '{}', classes = '{class com.projectx.data.Application}', inheritLocations = true, initializers = '{}', inheritInitializers = true, name = [null], contextLoaderClass = 'org.springframework.boot.test.SpringApplicationContextLoader']
14:34:08.270 [Test worker] DEBUG o.s.test.context.TestContextManager - @TestExecutionListeners is not present for class [com.projectx.data.repository.EmailRespositoryIntegrationTest]: using defaults.
14:34:08.575 [Test worker] DEBUG o.s.t.annotation.ProfileValueUtils - Retrieved @ProfileValueSourceConfiguration [null] for test class [com.projectx.data.repository.EmailRespositoryIntegrationTest]
14:34:08.576 [Test worker] DEBUG o.s.t.annotation.ProfileValueUtils - Retrieved ProfileValueSource type [class org.springframework.test.annotation.SystemProfileValueSource] for class [com.projectx.data.repository.EmailRespositoryIntegrationTest]
14:34:08.579 [Test worker] DEBUG o.s.t.annotation.ProfileValueUtils - Retrieved @ProfileValueSourceConfiguration [null] for test class [com.projectx.data.repository.EmailRespositoryIntegrationTest]
14:34:08.580 [Test worker] DEBUG o.s.t.annotation.ProfileValueUtils - Retrieved ProfileValueSource type [class org.springframework.test.annotation.SystemProfileValueSource] for class [com.projectx.data.repository.EmailRespositoryIntegrationTest]
14:34:08.582 [Test worker] DEBUG o.s.t.annotation.ProfileValueUtils - Retrieved @ProfileValueSourceConfiguration [null] for test class [com.projectx.data.repository.EmailRespositoryIntegrationTest]
14:34:08.582 [Test worker] DEBUG o.s.t.annotation.ProfileValueUtils - Retrieved ProfileValueSource type [class org.springframework.test.annotation.SystemProfileValueSource] for class [com.projectx.data.repository.EmailRespositoryIntegrationTest]
14:34:08.585 [Test worker] DEBUG o.s.t.annotation.ProfileValueUtils - Retrieved @ProfileValueSourceConfiguration [null] for test class [com.projectx.data.repository.EmailRespositoryIntegrationTest]
14:34:08.586 [Test worker] DEBUG o.s.t.annotation.ProfileValueUtils - Retrieved ProfileValueSource type [class org.springframework.test.annotation.SystemProfileValueSource] for class [com.projectx.data.repository.EmailRespositoryIntegrationTest]
14:34:08.593 [Test worker] DEBUG o.s.t.c.s.DependencyInjectionTestExecutionListener - Performing dependency injection for test context [[DefaultTestContext@1bc244d testClass = EmailRespositoryIntegrationTest, testInstance = com.projectx.data.repository.EmailRespositoryIntegrationTest@f37bb8, testMethod = [null], testException = [null], mergedContextConfiguration = [MergedContextConfiguration@13f9379 testClass = EmailRespositoryIntegrationTest, locations = '{}', classes = '{class com.projectx.data.Application}', contextInitializerClasses = '[]', activeProfiles = '{Test}', contextLoader = 'org.springframework.boot.test.SpringApplicationContextLoader', parent = [null]]]].
14:34:08.989 [Test worker] DEBUG o.s.core.env.StandardEnvironment - Adding [systemProperties] PropertySource with lowest search precedence
14:34:08.992 [Test worker] DEBUG o.s.core.env.StandardEnvironment - Adding [systemEnvironment] PropertySource with lowest search precedence
14:34:08.992 [Test worker] DEBUG o.s.core.env.StandardEnvironment - Initialized StandardEnvironment with PropertySources [systemProperties,systemEnvironment]
14:34:09.012 [Test worker] DEBUG o.s.core.env.StandardEnvironment - Adding [integrationTest] PropertySource with search precedence immediately lower than [systemEnvironment]

  .   ____          _            __ _ _
 /\\ / ___'_ __ _ _(_)_ __  __ _ \ \ \ \
( ( )\___ | '_ | '_| | '_ \/ _` | \ \ \ \
 \\/  ___)| |_)| | | | | || (_| |  ) ) ) )
  '  |____| .__|_| |_|_| |_\__, | / / / /
 =========|_|==============|___/=/_/_/_/
 :: Spring Boot ::        (v1.1.5.RELEASE)

2014-09-22 14:34:11.365  INFO 18974 --- [    Test worker] o.s.boot.SpringApplication               : Starting application on dinesh with PID 18974 (/home/dinesh/.m2/repository/org/springframework/boot/spring-boot/1.1.5.RELEASE/spring-boot-1.1.5.RELEASE.jar started by dinesh in /home/dinesh/NewWorkspace/ProjectXDataJPA)
2014-09-22 14:34:11.475  INFO 18974 --- [    Test worker] s.c.a.AnnotationConfigApplicationContext : Refreshing org.springframework.context.annotation.AnnotationConfigApplicationContext@18c9692: startup date [Mon Sep 22 14:34:11 IST 2014]; root of context hierarchy
2014-09-22 14:34:16.568  INFO 18974 --- [    Test worker] j.LocalContainerEntityManagerFactoryBean : Building JPA container EntityManagerFactory for persistence unit 'default'
2014-09-22 14:34:16.799  INFO 18974 --- [    Test worker] o.hibernate.jpa.internal.util.LogHelper  : HHH000204: Processing PersistenceUnitInfo [
	name: default
	...]
2014-09-22 14:34:17.219  INFO 18974 --- [    Test worker] org.hibernate.Version                    : HHH000412: Hibernate Core {4.3.5.Final}
2014-09-22 14:34:17.221  INFO 18974 --- [    Test worker] org.hibernate.cfg.Environment            : HHH000206: hibernate.properties not found
2014-09-22 14:34:17.223  INFO 18974 --- [    Test worker] org.hibernate.cfg.Environment            : HHH000021: Bytecode provider name : javassist
2014-09-22 14:34:17.958  INFO 18974 --- [    Test worker] o.hibernate.annotations.common.Version   : HCANN000001: Hibernate Commons Annotations {4.0.4.Final}
2014-09-22 14:34:18.775  INFO 18974 --- [    Test worker] org.hibernate.dialect.Dialect            : HHH000400: Using dialect: org.hibernate.dialect.HSQLDialect
2014-09-22 14:34:18.963  INFO 18974 --- [    Test worker] o.h.h.i.ast.ASTQueryTranslatorFactory    : HHH000397: Using ASTQueryTranslatorFactory
2014-09-22 14:34:20.083  INFO 18974 --- [    Test worker] org.hibernate.tool.hbm2ddl.SchemaExport  : HHH000227: Running hbm2ddl schema export
Hibernate: drop table customer_quick_register_entity if exists
Hibernate: drop table email if exists
Hibernate: create table customer_quick_register_entity (customer_id bigint generated by default as identity (start with 1), email varchar(255), email_hash bigint, first_name varchar(255), last_name varchar(255), mobile bigint, mobile_pin integer, pin integer, status varchar(255), primary key (customer_id))
Hibernate: create table email (email varchar(255) not null, name varchar(255), primary key (email))
Hibernate: alter table customer_quick_register_entity add constraint UK_489ghacvvidt74n66lx26o2j  unique (email)
Hibernate: alter table customer_quick_register_entity add constraint UK_q9lcp8rk0ctsnf48nuejvtmus  unique (mobile)
2014-09-22 14:34:20.089  INFO 18974 --- [    Test worker] org.hibernate.tool.hbm2ddl.SchemaExport  : HHH000230: Schema export complete
2014-09-22 14:34:22.577  INFO 18974 --- [    Test worker] o.s.boot.SpringApplication               : Started application in 13.557 seconds (JVM running for 20.394)
2014-09-22 14:34:23.329  INFO 18974 --- [    Test worker] t.c.t.TransactionalTestExecutionListener : Began transaction (1) for test context [DefaultTestContext@1bc244d testClass = EmailRespositoryIntegrationTest, testInstance = com.projectx.data.repository.EmailRespositoryIntegrationTest@f37bb8, testMethod = findAll@EmailRespositoryIntegrationTest, testException = [null], mergedContextConfiguration = [MergedContextConfiguration@13f9379 testClass = EmailRespositoryIntegrationTest, locations = '{}', classes = '{class com.projectx.data.Application}', contextInitializerClasses = '[]', activeProfiles = '{Test}', contextLoader = 'org.springframework.boot.test.SpringApplicationContextLoader', parent = [null]]]; transaction manager [org.springframework.orm.jpa.JpaTransactionManager@1f3b359]; rollback [true]
Hibernate: select email0_.email as email1_1_0_, email0_.name as name2_1_0_ from email email0_ where email0_.email=?
Hibernate: insert into email (name, email) values (?, ?)
Hibernate: select email0_.email as email1_1_, email0_.name as name2_1_ from email email0_
2014-09-22 14:34:23.815  INFO 18974 --- [    Test worker] t.c.t.TransactionalTestExecutionListener : Rolled back transaction after test execution for test context [DefaultTestContext@1bc244d testClass = EmailRespositoryIntegrationTest, testInstance = com.projectx.data.repository.EmailRespositoryIntegrationTest@f37bb8, testMethod = findAll@EmailRespositoryIntegrationTest, testException = [null], mergedContextConfiguration = [MergedContextConfiguration@13f9379 testClass = EmailRespositoryIntegrationTest, locations = '{}', classes = '{class com.projectx.data.Application}', contextInitializerClasses = '[]', activeProfiles = '{Test}', contextLoader = 'org.springframework.boot.test.SpringApplicationContextLoader', parent = [null]]]
2014-09-22 14:34:23.845  INFO 18974 --- [    Test worker] t.c.t.TransactionalTestExecutionListener : Began transaction (2) for test context [DefaultTestContext@1bc244d testClass = EmailRespositoryIntegrationTest, testInstance = com.projectx.data.repository.EmailRespositoryIntegrationTest@11979f1, testMethod = checkEmailTest@EmailRespositoryIntegrationTest, testException = [null], mergedContextConfiguration = [MergedContextConfiguration@13f9379 testClass = EmailRespositoryIntegrationTest, locations = '{}', classes = '{class com.projectx.data.Application}', contextInitializerClasses = '[]', activeProfiles = '{Test}', contextLoader = 'org.springframework.boot.test.SpringApplicationContextLoader', parent = [null]]]; transaction manager [org.springframework.orm.jpa.JpaTransactionManager@1f3b359]; rollback [true]
Hibernate: select email0_.email as email1_1_, email0_.name as name2_1_ from email email0_
Hibernate: select count(*) as col_0_0_ from email email0_ where email0_.email=? and 1=1
Hibernate: select email0_.email as email1_1_0_, email0_.name as name2_1_0_ from email email0_ where email0_.email=?
Hibernate: insert into email (name, email) values (?, ?)
Hibernate: select count(*) as col_0_0_ from email email0_ where email0_.email=? and 1=1
Hibernate: select count(*) as col_0_0_ from email email0_ where email0_.email=? and 1=1
Hibernate: select email0_.email as email1_1_, email0_.name as name2_1_ from email email0_
2014-09-22 14:34:23.875  INFO 18974 --- [    Test worker] t.c.t.TransactionalTestExecutionListener : Rolled back transaction after test execution for test context [DefaultTestContext@1bc244d testClass = EmailRespositoryIntegrationTest, testInstance = com.projectx.data.repository.EmailRespositoryIntegrationTest@11979f1, testMethod = checkEmailTest@EmailRespositoryIntegrationTest, testException = [null], mergedContextConfiguration = [MergedContextConfiguration@13f9379 testClass = EmailRespositoryIntegrationTest, locations = '{}', classes = '{class com.projectx.data.Application}', contextInitializerClasses = '[]', activeProfiles = '{Test}', contextLoader = 'org.springframework.boot.test.SpringApplicationContextLoader', parent = [null]]]
2014-09-22 14:34:23.879  INFO 18974 --- [    Test worker] t.c.t.TransactionalTestExecutionListener : Began transaction (3) for test context [DefaultTestContext@1bc244d testClass = EmailRespositoryIntegrationTest, testInstance = com.projectx.data.repository.EmailRespositoryIntegrationTest@8d410f, testMethod = addEmailTest@EmailRespositoryIntegrationTest, testException = [null], mergedContextConfiguration = [MergedContextConfiguration@13f9379 testClass = EmailRespositoryIntegrationTest, locations = '{}', classes = '{class com.projectx.data.Application}', contextInitializerClasses = '[]', activeProfiles = '{Test}', contextLoader = 'org.springframework.boot.test.SpringApplicationContextLoader', parent = [null]]]; transaction manager [org.springframework.orm.jpa.JpaTransactionManager@1f3b359]; rollback [true]
Hibernate: select email0_.email as email1_1_, email0_.name as name2_1_ from email email0_
Hibernate: select email0_.email as email1_1_0_, email0_.name as name2_1_0_ from email email0_ where email0_.email=?
Hibernate: insert into email (name, email) values (?, ?)
Hibernate: select email0_.email as email1_1_, email0_.name as name2_1_ from email email0_
2014-09-22 14:34:23.885  INFO 18974 --- [    Test worker] t.c.t.TransactionalTestExecutionListener : Rolled back transaction after test execution for test context [DefaultTestContext@1bc244d testClass = EmailRespositoryIntegrationTest, testInstance = com.projectx.data.repository.EmailRespositoryIntegrationTest@8d410f, testMethod = addEmailTest@EmailRespositoryIntegrationTest, testException = [null], mergedContextConfiguration = [MergedContextConfiguration@13f9379 testClass = EmailRespositoryIntegrationTest, locations = '{}', classes = '{class com.projectx.data.Application}', contextInitializerClasses = '[]', activeProfiles = '{Test}', contextLoader = 'org.springframework.boot.test.SpringApplicationContextLoader', parent = [null]]]
]]></system-out>
  <system-err><![CDATA[]]></system-err>
</testsuite>
