<?xml version="1.0" encoding="UTF-8"?>
<testsuite name="com.projectx.data.repository.CustomerQuickRegisterRespositoryIntegrationTest" tests="13" failures="0" errors="0" timestamp="2014-09-20T09:39:23" hostname="dinesh" time="3.638">
  <properties/>
  <testcase name="addEmailMobileCustomer" classname="com.projectx.data.repository.CustomerQuickRegisterRespositoryIntegrationTest" time="2.803"/>
  <testcase name="fetchStatusByMobileWithMobileCustomer" classname="com.projectx.data.repository.CustomerQuickRegisterRespositoryIntegrationTest" time="0.142"/>
  <testcase name="fetchStatusByEmailWithEmailCustomer" classname="com.projectx.data.repository.CustomerQuickRegisterRespositoryIntegrationTest" time="0.076"/>
  <testcase name="addEmailCustomer" classname="com.projectx.data.repository.CustomerQuickRegisterRespositoryIntegrationTest" time="0.077"/>
  <testcase name="findAllWithMobileCustomer" classname="com.projectx.data.repository.CustomerQuickRegisterRespositoryIntegrationTest" time="0.079"/>
  <testcase name="fetchStatusByEmailWithEmailMobileCustomer" classname="com.projectx.data.repository.CustomerQuickRegisterRespositoryIntegrationTest" time="0.075"/>
  <testcase name="addMobileCustomer" classname="com.projectx.data.repository.CustomerQuickRegisterRespositoryIntegrationTest" time="0.055"/>
  <testcase name="countByEmailMobileWithEmailMobileCustomer" classname="com.projectx.data.repository.CustomerQuickRegisterRespositoryIntegrationTest" time="0.054"/>
  <testcase name="findAllWithEmailMobileCustomer" classname="com.projectx.data.repository.CustomerQuickRegisterRespositoryIntegrationTest" time="0.057"/>
  <testcase name="countByEmailMobileWithMobileCustomer" classname="com.projectx.data.repository.CustomerQuickRegisterRespositoryIntegrationTest" time="0.055"/>
  <testcase name="countByEmailMobileWithEmailCustomer" classname="com.projectx.data.repository.CustomerQuickRegisterRespositoryIntegrationTest" time="0.045"/>
  <testcase name="findAllWithEmailCustomer" classname="com.projectx.data.repository.CustomerQuickRegisterRespositoryIntegrationTest" time="0.041"/>
  <testcase name="fetchStatusByMobileWithEmailMobileCustomer" classname="com.projectx.data.repository.CustomerQuickRegisterRespositoryIntegrationTest" time="0.067"/>
  <system-out><![CDATA[
  .   ____          _            __ _ _
 /\\ / ___'_ __ _ _(_)_ __  __ _ \ \ \ \
( ( )\___ | '_ | '_| | '_ \/ _` | \ \ \ \
 \\/  ___)| |_)| | | | | || (_| |  ) ) ) )
  '  |____| .__|_| |_|_| |_\__, | / / / /
 =========|_|==============|___/=/_/_/_/
 :: Spring Boot ::        (v1.1.5.RELEASE)

2014-09-20 15:09:23.396  INFO 3345 --- [    Test worker] o.s.boot.SpringApplication               : Starting application on dinesh with PID 3345 (/home/dinesh/.m2/repository/org/springframework/boot/spring-boot/1.1.5.RELEASE/spring-boot-1.1.5.RELEASE.jar started by dinesh in /home/dinesh/NewWorkspace/ProjectXDataJPA)
2014-09-20 15:09:23.398  INFO 3345 --- [    Test worker] s.c.a.AnnotationConfigApplicationContext : Refreshing org.springframework.context.annotation.AnnotationConfigApplicationContext@1f188a6: startup date [Sat Sep 20 15:09:23 IST 2014]; root of context hierarchy
2014-09-20 15:09:24.281  INFO 3345 --- [    Test worker] j.LocalContainerEntityManagerFactoryBean : Building JPA container EntityManagerFactory for persistence unit 'default'
2014-09-20 15:09:24.282  INFO 3345 --- [    Test worker] o.hibernate.jpa.internal.util.LogHelper  : HHH000204: Processing PersistenceUnitInfo [
	name: default
	...]
2014-09-20 15:09:25.429  INFO 3345 --- [    Test worker] org.hibernate.dialect.Dialect            : HHH000400: Using dialect: org.hibernate.dialect.MySQL5Dialect
2014-09-20 15:09:25.430  INFO 3345 --- [    Test worker] o.h.e.jdbc.internal.LobCreatorBuilder    : HHH000423: Disabling contextual LOB creation as JDBC driver reported JDBC version [3] less than 4
2014-09-20 15:09:25.438  INFO 3345 --- [    Test worker] o.h.h.i.ast.ASTQueryTranslatorFactory    : HHH000397: Using ASTQueryTranslatorFactory
2014-09-20 15:09:25.471  INFO 3345 --- [    Test worker] org.hibernate.tool.hbm2ddl.SchemaUpdate  : HHH000228: Running hbm2ddl schema update
2014-09-20 15:09:25.472  INFO 3345 --- [    Test worker] org.hibernate.tool.hbm2ddl.SchemaUpdate  : HHH000102: Fetching database metadata
2014-09-20 15:09:25.476  INFO 3345 --- [    Test worker] org.hibernate.tool.hbm2ddl.SchemaUpdate  : HHH000396: Updating schema
2014-09-20 15:09:25.613  INFO 3345 --- [    Test worker] o.hibernate.tool.hbm2ddl.TableMetadata   : HHH000261: Table found: spring.customer_quick_register_entity
2014-09-20 15:09:25.613  INFO 3345 --- [    Test worker] o.hibernate.tool.hbm2ddl.TableMetadata   : HHH000037: Columns: [first_name, status, pin, email, last_name, mobile_pin, email_hash, customer_id, mobile]
2014-09-20 15:09:25.614  INFO 3345 --- [    Test worker] o.hibernate.tool.hbm2ddl.TableMetadata   : HHH000108: Foreign keys: []
2014-09-20 15:09:25.614  INFO 3345 --- [    Test worker] o.hibernate.tool.hbm2ddl.TableMetadata   : HHH000126: Indexes: [uk_489ghacvvidt74n66lx26o2j, uk_q9lcp8rk0ctsnf48nuejvtmus, primary]
2014-09-20 15:09:25.633  INFO 3345 --- [    Test worker] o.hibernate.tool.hbm2ddl.TableMetadata   : HHH000261: Table found: spring.email
2014-09-20 15:09:25.634  INFO 3345 --- [    Test worker] o.hibernate.tool.hbm2ddl.TableMetadata   : HHH000037: Columns: [id, email, name]
2014-09-20 15:09:25.634  INFO 3345 --- [    Test worker] o.hibernate.tool.hbm2ddl.TableMetadata   : HHH000108: Foreign keys: []
2014-09-20 15:09:25.635  INFO 3345 --- [    Test worker] o.hibernate.tool.hbm2ddl.TableMetadata   : HHH000126: Indexes: [primary]
2014-09-20 15:09:25.635  INFO 3345 --- [    Test worker] org.hibernate.tool.hbm2ddl.SchemaUpdate  : HHH000232: Schema update complete
2014-09-20 15:09:25.638  WARN 3345 --- [    Test worker] o.h.j.i.EntityManagerFactoryRegistry     : HHH000436: Entity manager factory name (default) is already registered.  If entity manager will be clustered or passivated, specify a unique value for property 'hibernate.ejb.entitymanager_factory_name'
2014-09-20 15:09:25.815  INFO 3345 --- [    Test worker] o.s.boot.SpringApplication               : Started application in 2.52 seconds (JVM running for 31.92)
2014-09-20 15:09:25.874  INFO 3345 --- [    Test worker] t.c.t.TransactionalTestExecutionListener : Began transaction (1) for test context [DefaultTestContext@33d475 testClass = CustomerQuickRegisterRespositoryIntegrationTest, testInstance = com.projectx.data.repository.CustomerQuickRegisterRespositoryIntegrationTest@c15081, testMethod = addEmailMobileCustomer@CustomerQuickRegisterRespositoryIntegrationTest, testException = [null], mergedContextConfiguration = [MergedContextConfiguration@18c6035 testClass = CustomerQuickRegisterRespositoryIntegrationTest, locations = '{}', classes = '{class com.projectx.data.Application}', contextInitializerClasses = '[]', activeProfiles = '{Prod}', contextLoader = 'org.springframework.boot.test.SpringApplicationContextLoader', parent = [null]]]; transaction manager [org.springframework.orm.jpa.JpaTransactionManager@10078fe]; rollback [true]
Hibernate: select customerqu0_.customer_id as customer1_0_, customerqu0_.email as email2_0_, customerqu0_.email_hash as email_ha3_0_, customerqu0_.first_name as first_na4_0_, customerqu0_.last_name as last_nam5_0_, customerqu0_.mobile as mobile6_0_, customerqu0_.mobile_pin as mobile_p7_0_, customerqu0_.pin as pin8_0_, customerqu0_.status as status9_0_ from customer_quick_register_entity customerqu0_
Hibernate: insert into customer_quick_register_entity (email, email_hash, first_name, last_name, mobile, mobile_pin, pin, status) values (?, ?, ?, ?, ?, ?, ?, ?)
Hibernate: select customerqu0_.customer_id as customer1_0_, customerqu0_.email as email2_0_, customerqu0_.email_hash as email_ha3_0_, customerqu0_.first_name as first_na4_0_, customerqu0_.last_name as last_nam5_0_, customerqu0_.mobile as mobile6_0_, customerqu0_.mobile_pin as mobile_p7_0_, customerqu0_.pin as pin8_0_, customerqu0_.status as status9_0_ from customer_quick_register_entity customerqu0_
2014-09-20 15:09:26.090  INFO 3345 --- [    Test worker] t.c.t.TransactionalTestExecutionListener : Rolled back transaction after test execution for test context [DefaultTestContext@33d475 testClass = CustomerQuickRegisterRespositoryIntegrationTest, testInstance = com.projectx.data.repository.CustomerQuickRegisterRespositoryIntegrationTest@c15081, testMethod = addEmailMobileCustomer@CustomerQuickRegisterRespositoryIntegrationTest, testException = [null], mergedContextConfiguration = [MergedContextConfiguration@18c6035 testClass = CustomerQuickRegisterRespositoryIntegrationTest, locations = '{}', classes = '{class com.projectx.data.Application}', contextInitializerClasses = '[]', activeProfiles = '{Prod}', contextLoader = 'org.springframework.boot.test.SpringApplicationContextLoader', parent = [null]]]
2014-09-20 15:09:26.101  INFO 3345 --- [    Test worker] t.c.t.TransactionalTestExecutionListener : Began transaction (2) for test context [DefaultTestContext@33d475 testClass = CustomerQuickRegisterRespositoryIntegrationTest, testInstance = com.projectx.data.repository.CustomerQuickRegisterRespositoryIntegrationTest@110c493, testMethod = fetchStatusByMobileWithMobileCustomer@CustomerQuickRegisterRespositoryIntegrationTest, testException = [null], mergedContextConfiguration = [MergedContextConfiguration@18c6035 testClass = CustomerQuickRegisterRespositoryIntegrationTest, locations = '{}', classes = '{class com.projectx.data.Application}', contextInitializerClasses = '[]', activeProfiles = '{Prod}', contextLoader = 'org.springframework.boot.test.SpringApplicationContextLoader', parent = [null]]]; transaction manager [org.springframework.orm.jpa.JpaTransactionManager@10078fe]; rollback [true]
Hibernate: select count(customerqu0_.customer_id) as col_0_0_ from customer_quick_register_entity customerqu0_ where customerqu0_.mobile=?
Hibernate: insert into customer_quick_register_entity (email, email_hash, first_name, last_name, mobile, mobile_pin, pin, status) values (?, ?, ?, ?, ?, ?, ?, ?)
Hibernate: select status from customer_quick_register_entity where mobile=?
2014-09-20 15:09:26.235  INFO 3345 --- [    Test worker] t.c.t.TransactionalTestExecutionListener : Rolled back transaction after test execution for test context [DefaultTestContext@33d475 testClass = CustomerQuickRegisterRespositoryIntegrationTest, testInstance = com.projectx.data.repository.CustomerQuickRegisterRespositoryIntegrationTest@110c493, testMethod = fetchStatusByMobileWithMobileCustomer@CustomerQuickRegisterRespositoryIntegrationTest, testException = [null], mergedContextConfiguration = [MergedContextConfiguration@18c6035 testClass = CustomerQuickRegisterRespositoryIntegrationTest, locations = '{}', classes = '{class com.projectx.data.Application}', contextInitializerClasses = '[]', activeProfiles = '{Prod}', contextLoader = 'org.springframework.boot.test.SpringApplicationContextLoader', parent = [null]]]
2014-09-20 15:09:26.245  INFO 3345 --- [    Test worker] t.c.t.TransactionalTestExecutionListener : Began transaction (3) for test context [DefaultTestContext@33d475 testClass = CustomerQuickRegisterRespositoryIntegrationTest, testInstance = com.projectx.data.repository.CustomerQuickRegisterRespositoryIntegrationTest@2b4497, testMethod = fetchStatusByEmailWithEmailCustomer@CustomerQuickRegisterRespositoryIntegrationTest, testException = [null], mergedContextConfiguration = [MergedContextConfiguration@18c6035 testClass = CustomerQuickRegisterRespositoryIntegrationTest, locations = '{}', classes = '{class com.projectx.data.Application}', contextInitializerClasses = '[]', activeProfiles = '{Prod}', contextLoader = 'org.springframework.boot.test.SpringApplicationContextLoader', parent = [null]]]; transaction manager [org.springframework.orm.jpa.JpaTransactionManager@10078fe]; rollback [true]
Hibernate: select count(customerqu0_.customer_id) as col_0_0_ from customer_quick_register_entity customerqu0_ where customerqu0_.email=?
Hibernate: insert into customer_quick_register_entity (email, email_hash, first_name, last_name, mobile, mobile_pin, pin, status) values (?, ?, ?, ?, ?, ?, ?, ?)
Hibernate: select status from customer_quick_register_entity where email=?
2014-09-20 15:09:26.313  INFO 3345 --- [    Test worker] t.c.t.TransactionalTestExecutionListener : Rolled back transaction after test execution for test context [DefaultTestContext@33d475 testClass = CustomerQuickRegisterRespositoryIntegrationTest, testInstance = com.projectx.data.repository.CustomerQuickRegisterRespositoryIntegrationTest@2b4497, testMethod = fetchStatusByEmailWithEmailCustomer@CustomerQuickRegisterRespositoryIntegrationTest, testException = [null], mergedContextConfiguration = [MergedContextConfiguration@18c6035 testClass = CustomerQuickRegisterRespositoryIntegrationTest, locations = '{}', classes = '{class com.projectx.data.Application}', contextInitializerClasses = '[]', activeProfiles = '{Prod}', contextLoader = 'org.springframework.boot.test.SpringApplicationContextLoader', parent = [null]]]
2014-09-20 15:09:26.319  INFO 3345 --- [    Test worker] t.c.t.TransactionalTestExecutionListener : Began transaction (4) for test context [DefaultTestContext@33d475 testClass = CustomerQuickRegisterRespositoryIntegrationTest, testInstance = com.projectx.data.repository.CustomerQuickRegisterRespositoryIntegrationTest@217783, testMethod = addEmailCustomer@CustomerQuickRegisterRespositoryIntegrationTest, testException = [null], mergedContextConfiguration = [MergedContextConfiguration@18c6035 testClass = CustomerQuickRegisterRespositoryIntegrationTest, locations = '{}', classes = '{class com.projectx.data.Application}', contextInitializerClasses = '[]', activeProfiles = '{Prod}', contextLoader = 'org.springframework.boot.test.SpringApplicationContextLoader', parent = [null]]]; transaction manager [org.springframework.orm.jpa.JpaTransactionManager@10078fe]; rollback [true]
Hibernate: select customerqu0_.customer_id as customer1_0_, customerqu0_.email as email2_0_, customerqu0_.email_hash as email_ha3_0_, customerqu0_.first_name as first_na4_0_, customerqu0_.last_name as last_nam5_0_, customerqu0_.mobile as mobile6_0_, customerqu0_.mobile_pin as mobile_p7_0_, customerqu0_.pin as pin8_0_, customerqu0_.status as status9_0_ from customer_quick_register_entity customerqu0_
Hibernate: insert into customer_quick_register_entity (email, email_hash, first_name, last_name, mobile, mobile_pin, pin, status) values (?, ?, ?, ?, ?, ?, ?, ?)
Hibernate: select customerqu0_.customer_id as customer1_0_, customerqu0_.email as email2_0_, customerqu0_.email_hash as email_ha3_0_, customerqu0_.first_name as first_na4_0_, customerqu0_.last_name as last_nam5_0_, customerqu0_.mobile as mobile6_0_, customerqu0_.mobile_pin as mobile_p7_0_, customerqu0_.pin as pin8_0_, customerqu0_.status as status9_0_ from customer_quick_register_entity customerqu0_
Hibernate: select customerqu0_.customer_id as customer1_0_, customerqu0_.email as email2_0_, customerqu0_.email_hash as email_ha3_0_, customerqu0_.first_name as first_na4_0_, customerqu0_.last_name as last_nam5_0_, customerqu0_.mobile as mobile6_0_, customerqu0_.mobile_pin as mobile_p7_0_, customerqu0_.pin as pin8_0_, customerqu0_.status as status9_0_ from customer_quick_register_entity customerqu0_
2014-09-20 15:09:26.391  INFO 3345 --- [    Test worker] t.c.t.TransactionalTestExecutionListener : Rolled back transaction after test execution for test context [DefaultTestContext@33d475 testClass = CustomerQuickRegisterRespositoryIntegrationTest, testInstance = com.projectx.data.repository.CustomerQuickRegisterRespositoryIntegrationTest@217783, testMethod = addEmailCustomer@CustomerQuickRegisterRespositoryIntegrationTest, testException = [null], mergedContextConfiguration = [MergedContextConfiguration@18c6035 testClass = CustomerQuickRegisterRespositoryIntegrationTest, locations = '{}', classes = '{class com.projectx.data.Application}', contextInitializerClasses = '[]', activeProfiles = '{Prod}', contextLoader = 'org.springframework.boot.test.SpringApplicationContextLoader', parent = [null]]]
2014-09-20 15:09:26.396  INFO 3345 --- [    Test worker] t.c.t.TransactionalTestExecutionListener : Began transaction (5) for test context [DefaultTestContext@33d475 testClass = CustomerQuickRegisterRespositoryIntegrationTest, testInstance = com.projectx.data.repository.CustomerQuickRegisterRespositoryIntegrationTest@ffa42b, testMethod = findAllWithMobileCustomer@CustomerQuickRegisterRespositoryIntegrationTest, testException = [null], mergedContextConfiguration = [MergedContextConfiguration@18c6035 testClass = CustomerQuickRegisterRespositoryIntegrationTest, locations = '{}', classes = '{class com.projectx.data.Application}', contextInitializerClasses = '[]', activeProfiles = '{Prod}', contextLoader = 'org.springframework.boot.test.SpringApplicationContextLoader', parent = [null]]]; transaction manager [org.springframework.orm.jpa.JpaTransactionManager@10078fe]; rollback [true]
Hibernate: select customerqu0_.customer_id as customer1_0_, customerqu0_.email as email2_0_, customerqu0_.email_hash as email_ha3_0_, customerqu0_.first_name as first_na4_0_, customerqu0_.last_name as last_nam5_0_, customerqu0_.mobile as mobile6_0_, customerqu0_.mobile_pin as mobile_p7_0_, customerqu0_.pin as pin8_0_, customerqu0_.status as status9_0_ from customer_quick_register_entity customerqu0_
Hibernate: insert into customer_quick_register_entity (email, email_hash, first_name, last_name, mobile, mobile_pin, pin, status) values (?, ?, ?, ?, ?, ?, ?, ?)
Hibernate: select customerqu0_.customer_id as customer1_0_, customerqu0_.email as email2_0_, customerqu0_.email_hash as email_ha3_0_, customerqu0_.first_name as first_na4_0_, customerqu0_.last_name as last_nam5_0_, customerqu0_.mobile as mobile6_0_, customerqu0_.mobile_pin as mobile_p7_0_, customerqu0_.pin as pin8_0_, customerqu0_.status as status9_0_ from customer_quick_register_entity customerqu0_
2014-09-20 15:09:26.470  INFO 3345 --- [    Test worker] t.c.t.TransactionalTestExecutionListener : Rolled back transaction after test execution for test context [DefaultTestContext@33d475 testClass = CustomerQuickRegisterRespositoryIntegrationTest, testInstance = com.projectx.data.repository.CustomerQuickRegisterRespositoryIntegrationTest@ffa42b, testMethod = findAllWithMobileCustomer@CustomerQuickRegisterRespositoryIntegrationTest, testException = [null], mergedContextConfiguration = [MergedContextConfiguration@18c6035 testClass = CustomerQuickRegisterRespositoryIntegrationTest, locations = '{}', classes = '{class com.projectx.data.Application}', contextInitializerClasses = '[]', activeProfiles = '{Prod}', contextLoader = 'org.springframework.boot.test.SpringApplicationContextLoader', parent = [null]]]
2014-09-20 15:09:26.476  INFO 3345 --- [    Test worker] t.c.t.TransactionalTestExecutionListener : Began transaction (6) for test context [DefaultTestContext@33d475 testClass = CustomerQuickRegisterRespositoryIntegrationTest, testInstance = com.projectx.data.repository.CustomerQuickRegisterRespositoryIntegrationTest@165866d, testMethod = fetchStatusByEmailWithEmailMobileCustomer@CustomerQuickRegisterRespositoryIntegrationTest, testException = [null], mergedContextConfiguration = [MergedContextConfiguration@18c6035 testClass = CustomerQuickRegisterRespositoryIntegrationTest, locations = '{}', classes = '{class com.projectx.data.Application}', contextInitializerClasses = '[]', activeProfiles = '{Prod}', contextLoader = 'org.springframework.boot.test.SpringApplicationContextLoader', parent = [null]]]; transaction manager [org.springframework.orm.jpa.JpaTransactionManager@10078fe]; rollback [true]
Hibernate: select count(customerqu0_.customer_id) as col_0_0_ from customer_quick_register_entity customerqu0_ where customerqu0_.email=?
Hibernate: insert into customer_quick_register_entity (email, email_hash, first_name, last_name, mobile, mobile_pin, pin, status) values (?, ?, ?, ?, ?, ?, ?, ?)
Hibernate: select status from customer_quick_register_entity where email=?
2014-09-20 15:09:26.546  INFO 3345 --- [    Test worker] t.c.t.TransactionalTestExecutionListener : Rolled back transaction after test execution for test context [DefaultTestContext@33d475 testClass = CustomerQuickRegisterRespositoryIntegrationTest, testInstance = com.projectx.data.repository.CustomerQuickRegisterRespositoryIntegrationTest@165866d, testMethod = fetchStatusByEmailWithEmailMobileCustomer@CustomerQuickRegisterRespositoryIntegrationTest, testException = [null], mergedContextConfiguration = [MergedContextConfiguration@18c6035 testClass = CustomerQuickRegisterRespositoryIntegrationTest, locations = '{}', classes = '{class com.projectx.data.Application}', contextInitializerClasses = '[]', activeProfiles = '{Prod}', contextLoader = 'org.springframework.boot.test.SpringApplicationContextLoader', parent = [null]]]
2014-09-20 15:09:26.553  INFO 3345 --- [    Test worker] t.c.t.TransactionalTestExecutionListener : Began transaction (7) for test context [DefaultTestContext@33d475 testClass = CustomerQuickRegisterRespositoryIntegrationTest, testInstance = com.projectx.data.repository.CustomerQuickRegisterRespositoryIntegrationTest@10a4c33, testMethod = addMobileCustomer@CustomerQuickRegisterRespositoryIntegrationTest, testException = [null], mergedContextConfiguration = [MergedContextConfiguration@18c6035 testClass = CustomerQuickRegisterRespositoryIntegrationTest, locations = '{}', classes = '{class com.projectx.data.Application}', contextInitializerClasses = '[]', activeProfiles = '{Prod}', contextLoader = 'org.springframework.boot.test.SpringApplicationContextLoader', parent = [null]]]; transaction manager [org.springframework.orm.jpa.JpaTransactionManager@10078fe]; rollback [true]
Hibernate: select customerqu0_.customer_id as customer1_0_, customerqu0_.email as email2_0_, customerqu0_.email_hash as email_ha3_0_, customerqu0_.first_name as first_na4_0_, customerqu0_.last_name as last_nam5_0_, customerqu0_.mobile as mobile6_0_, customerqu0_.mobile_pin as mobile_p7_0_, customerqu0_.pin as pin8_0_, customerqu0_.status as status9_0_ from customer_quick_register_entity customerqu0_
Hibernate: insert into customer_quick_register_entity (email, email_hash, first_name, last_name, mobile, mobile_pin, pin, status) values (?, ?, ?, ?, ?, ?, ?, ?)
Hibernate: select customerqu0_.customer_id as customer1_0_, customerqu0_.email as email2_0_, customerqu0_.email_hash as email_ha3_0_, customerqu0_.first_name as first_na4_0_, customerqu0_.last_name as last_nam5_0_, customerqu0_.mobile as mobile6_0_, customerqu0_.mobile_pin as mobile_p7_0_, customerqu0_.pin as pin8_0_, customerqu0_.status as status9_0_ from customer_quick_register_entity customerqu0_
2014-09-20 15:09:26.602  INFO 3345 --- [    Test worker] t.c.t.TransactionalTestExecutionListener : Rolled back transaction after test execution for test context [DefaultTestContext@33d475 testClass = CustomerQuickRegisterRespositoryIntegrationTest, testInstance = com.projectx.data.repository.CustomerQuickRegisterRespositoryIntegrationTest@10a4c33, testMethod = addMobileCustomer@CustomerQuickRegisterRespositoryIntegrationTest, testException = [null], mergedContextConfiguration = [MergedContextConfiguration@18c6035 testClass = CustomerQuickRegisterRespositoryIntegrationTest, locations = '{}', classes = '{class com.projectx.data.Application}', contextInitializerClasses = '[]', activeProfiles = '{Prod}', contextLoader = 'org.springframework.boot.test.SpringApplicationContextLoader', parent = [null]]]
2014-09-20 15:09:26.608  INFO 3345 --- [    Test worker] t.c.t.TransactionalTestExecutionListener : Began transaction (8) for test context [DefaultTestContext@33d475 testClass = CustomerQuickRegisterRespositoryIntegrationTest, testInstance = com.projectx.data.repository.CustomerQuickRegisterRespositoryIntegrationTest@fe6885, testMethod = countByEmailMobileWithEmailMobileCustomer@CustomerQuickRegisterRespositoryIntegrationTest, testException = [null], mergedContextConfiguration = [MergedContextConfiguration@18c6035 testClass = CustomerQuickRegisterRespositoryIntegrationTest, locations = '{}', classes = '{class com.projectx.data.Application}', contextInitializerClasses = '[]', activeProfiles = '{Prod}', contextLoader = 'org.springframework.boot.test.SpringApplicationContextLoader', parent = [null]]]; transaction manager [org.springframework.orm.jpa.JpaTransactionManager@10078fe]; rollback [true]
Hibernate: select count(customerqu0_.customer_id) as col_0_0_ from customer_quick_register_entity customerqu0_ where customerqu0_.email=?
Hibernate: select count(customerqu0_.customer_id) as col_0_0_ from customer_quick_register_entity customerqu0_ where customerqu0_.mobile=?
Hibernate: insert into customer_quick_register_entity (email, email_hash, first_name, last_name, mobile, mobile_pin, pin, status) values (?, ?, ?, ?, ?, ?, ?, ?)
Hibernate: select count(customerqu0_.customer_id) as col_0_0_ from customer_quick_register_entity customerqu0_ where customerqu0_.email=?
Hibernate: select count(customerqu0_.customer_id) as col_0_0_ from customer_quick_register_entity customerqu0_ where customerqu0_.mobile=?
2014-09-20 15:09:26.658  INFO 3345 --- [    Test worker] t.c.t.TransactionalTestExecutionListener : Rolled back transaction after test execution for test context [DefaultTestContext@33d475 testClass = CustomerQuickRegisterRespositoryIntegrationTest, testInstance = com.projectx.data.repository.CustomerQuickRegisterRespositoryIntegrationTest@fe6885, testMethod = countByEmailMobileWithEmailMobileCustomer@CustomerQuickRegisterRespositoryIntegrationTest, testException = [null], mergedContextConfiguration = [MergedContextConfiguration@18c6035 testClass = CustomerQuickRegisterRespositoryIntegrationTest, locations = '{}', classes = '{class com.projectx.data.Application}', contextInitializerClasses = '[]', activeProfiles = '{Prod}', contextLoader = 'org.springframework.boot.test.SpringApplicationContextLoader', parent = [null]]]
2014-09-20 15:09:26.662  INFO 3345 --- [    Test worker] t.c.t.TransactionalTestExecutionListener : Began transaction (9) for test context [DefaultTestContext@33d475 testClass = CustomerQuickRegisterRespositoryIntegrationTest, testInstance = com.projectx.data.repository.CustomerQuickRegisterRespositoryIntegrationTest@37b45f, testMethod = findAllWithEmailMobileCustomer@CustomerQuickRegisterRespositoryIntegrationTest, testException = [null], mergedContextConfiguration = [MergedContextConfiguration@18c6035 testClass = CustomerQuickRegisterRespositoryIntegrationTest, locations = '{}', classes = '{class com.projectx.data.Application}', contextInitializerClasses = '[]', activeProfiles = '{Prod}', contextLoader = 'org.springframework.boot.test.SpringApplicationContextLoader', parent = [null]]]; transaction manager [org.springframework.orm.jpa.JpaTransactionManager@10078fe]; rollback [true]
Hibernate: select customerqu0_.customer_id as customer1_0_, customerqu0_.email as email2_0_, customerqu0_.email_hash as email_ha3_0_, customerqu0_.first_name as first_na4_0_, customerqu0_.last_name as last_nam5_0_, customerqu0_.mobile as mobile6_0_, customerqu0_.mobile_pin as mobile_p7_0_, customerqu0_.pin as pin8_0_, customerqu0_.status as status9_0_ from customer_quick_register_entity customerqu0_
Hibernate: insert into customer_quick_register_entity (email, email_hash, first_name, last_name, mobile, mobile_pin, pin, status) values (?, ?, ?, ?, ?, ?, ?, ?)
Hibernate: select customerqu0_.customer_id as customer1_0_, customerqu0_.email as email2_0_, customerqu0_.email_hash as email_ha3_0_, customerqu0_.first_name as first_na4_0_, customerqu0_.last_name as last_nam5_0_, customerqu0_.mobile as mobile6_0_, customerqu0_.mobile_pin as mobile_p7_0_, customerqu0_.pin as pin8_0_, customerqu0_.status as status9_0_ from customer_quick_register_entity customerqu0_
2014-09-20 15:09:26.714  INFO 3345 --- [    Test worker] t.c.t.TransactionalTestExecutionListener : Rolled back transaction after test execution for test context [DefaultTestContext@33d475 testClass = CustomerQuickRegisterRespositoryIntegrationTest, testInstance = com.projectx.data.repository.CustomerQuickRegisterRespositoryIntegrationTest@37b45f, testMethod = findAllWithEmailMobileCustomer@CustomerQuickRegisterRespositoryIntegrationTest, testException = [null], mergedContextConfiguration = [MergedContextConfiguration@18c6035 testClass = CustomerQuickRegisterRespositoryIntegrationTest, locations = '{}', classes = '{class com.projectx.data.Application}', contextInitializerClasses = '[]', activeProfiles = '{Prod}', contextLoader = 'org.springframework.boot.test.SpringApplicationContextLoader', parent = [null]]]
2014-09-20 15:09:26.721  INFO 3345 --- [    Test worker] t.c.t.TransactionalTestExecutionListener : Began transaction (10) for test context [DefaultTestContext@33d475 testClass = CustomerQuickRegisterRespositoryIntegrationTest, testInstance = com.projectx.data.repository.CustomerQuickRegisterRespositoryIntegrationTest@c23ad3, testMethod = countByEmailMobileWithMobileCustomer@CustomerQuickRegisterRespositoryIntegrationTest, testException = [null], mergedContextConfiguration = [MergedContextConfiguration@18c6035 testClass = CustomerQuickRegisterRespositoryIntegrationTest, locations = '{}', classes = '{class com.projectx.data.Application}', contextInitializerClasses = '[]', activeProfiles = '{Prod}', contextLoader = 'org.springframework.boot.test.SpringApplicationContextLoader', parent = [null]]]; transaction manager [org.springframework.orm.jpa.JpaTransactionManager@10078fe]; rollback [true]
Hibernate: select count(customerqu0_.customer_id) as col_0_0_ from customer_quick_register_entity customerqu0_ where customerqu0_.email=?
Hibernate: select count(customerqu0_.customer_id) as col_0_0_ from customer_quick_register_entity customerqu0_ where customerqu0_.mobile=?
Hibernate: insert into customer_quick_register_entity (email, email_hash, first_name, last_name, mobile, mobile_pin, pin, status) values (?, ?, ?, ?, ?, ?, ?, ?)
Hibernate: select count(customerqu0_.customer_id) as col_0_0_ from customer_quick_register_entity customerqu0_ where customerqu0_.email=?
Hibernate: select count(customerqu0_.customer_id) as col_0_0_ from customer_quick_register_entity customerqu0_ where customerqu0_.mobile=?
2014-09-20 15:09:26.770  INFO 3345 --- [    Test worker] t.c.t.TransactionalTestExecutionListener : Rolled back transaction after test execution for test context [DefaultTestContext@33d475 testClass = CustomerQuickRegisterRespositoryIntegrationTest, testInstance = com.projectx.data.repository.CustomerQuickRegisterRespositoryIntegrationTest@c23ad3, testMethod = countByEmailMobileWithMobileCustomer@CustomerQuickRegisterRespositoryIntegrationTest, testException = [null], mergedContextConfiguration = [MergedContextConfiguration@18c6035 testClass = CustomerQuickRegisterRespositoryIntegrationTest, locations = '{}', classes = '{class com.projectx.data.Application}', contextInitializerClasses = '[]', activeProfiles = '{Prod}', contextLoader = 'org.springframework.boot.test.SpringApplicationContextLoader', parent = [null]]]
2014-09-20 15:09:26.776  INFO 3345 --- [    Test worker] t.c.t.TransactionalTestExecutionListener : Began transaction (11) for test context [DefaultTestContext@33d475 testClass = CustomerQuickRegisterRespositoryIntegrationTest, testInstance = com.projectx.data.repository.CustomerQuickRegisterRespositoryIntegrationTest@78f845, testMethod = countByEmailMobileWithEmailCustomer@CustomerQuickRegisterRespositoryIntegrationTest, testException = [null], mergedContextConfiguration = [MergedContextConfiguration@18c6035 testClass = CustomerQuickRegisterRespositoryIntegrationTest, locations = '{}', classes = '{class com.projectx.data.Application}', contextInitializerClasses = '[]', activeProfiles = '{Prod}', contextLoader = 'org.springframework.boot.test.SpringApplicationContextLoader', parent = [null]]]; transaction manager [org.springframework.orm.jpa.JpaTransactionManager@10078fe]; rollback [true]
Hibernate: select count(customerqu0_.customer_id) as col_0_0_ from customer_quick_register_entity customerqu0_ where customerqu0_.email=?
Hibernate: select count(customerqu0_.customer_id) as col_0_0_ from customer_quick_register_entity customerqu0_ where customerqu0_.mobile=?
Hibernate: insert into customer_quick_register_entity (email, email_hash, first_name, last_name, mobile, mobile_pin, pin, status) values (?, ?, ?, ?, ?, ?, ?, ?)
Hibernate: select count(customerqu0_.customer_id) as col_0_0_ from customer_quick_register_entity customerqu0_ where customerqu0_.email=?
Hibernate: select count(customerqu0_.customer_id) as col_0_0_ from customer_quick_register_entity customerqu0_ where customerqu0_.mobile=?
2014-09-20 15:09:26.815  INFO 3345 --- [    Test worker] t.c.t.TransactionalTestExecutionListener : Rolled back transaction after test execution for test context [DefaultTestContext@33d475 testClass = CustomerQuickRegisterRespositoryIntegrationTest, testInstance = com.projectx.data.repository.CustomerQuickRegisterRespositoryIntegrationTest@78f845, testMethod = countByEmailMobileWithEmailCustomer@CustomerQuickRegisterRespositoryIntegrationTest, testException = [null], mergedContextConfiguration = [MergedContextConfiguration@18c6035 testClass = CustomerQuickRegisterRespositoryIntegrationTest, locations = '{}', classes = '{class com.projectx.data.Application}', contextInitializerClasses = '[]', activeProfiles = '{Prod}', contextLoader = 'org.springframework.boot.test.SpringApplicationContextLoader', parent = [null]]]
2014-09-20 15:09:26.824  INFO 3345 --- [    Test worker] t.c.t.TransactionalTestExecutionListener : Began transaction (12) for test context [DefaultTestContext@33d475 testClass = CustomerQuickRegisterRespositoryIntegrationTest, testInstance = com.projectx.data.repository.CustomerQuickRegisterRespositoryIntegrationTest@1fbb348, testMethod = findAllWithEmailCustomer@CustomerQuickRegisterRespositoryIntegrationTest, testException = [null], mergedContextConfiguration = [MergedContextConfiguration@18c6035 testClass = CustomerQuickRegisterRespositoryIntegrationTest, locations = '{}', classes = '{class com.projectx.data.Application}', contextInitializerClasses = '[]', activeProfiles = '{Prod}', contextLoader = 'org.springframework.boot.test.SpringApplicationContextLoader', parent = [null]]]; transaction manager [org.springframework.orm.jpa.JpaTransactionManager@10078fe]; rollback [true]
Hibernate: select customerqu0_.customer_id as customer1_0_, customerqu0_.email as email2_0_, customerqu0_.email_hash as email_ha3_0_, customerqu0_.first_name as first_na4_0_, customerqu0_.last_name as last_nam5_0_, customerqu0_.mobile as mobile6_0_, customerqu0_.mobile_pin as mobile_p7_0_, customerqu0_.pin as pin8_0_, customerqu0_.status as status9_0_ from customer_quick_register_entity customerqu0_
Hibernate: insert into customer_quick_register_entity (email, email_hash, first_name, last_name, mobile, mobile_pin, pin, status) values (?, ?, ?, ?, ?, ?, ?, ?)
Hibernate: select customerqu0_.customer_id as customer1_0_, customerqu0_.email as email2_0_, customerqu0_.email_hash as email_ha3_0_, customerqu0_.first_name as first_na4_0_, customerqu0_.last_name as last_nam5_0_, customerqu0_.mobile as mobile6_0_, customerqu0_.mobile_pin as mobile_p7_0_, customerqu0_.pin as pin8_0_, customerqu0_.status as status9_0_ from customer_quick_register_entity customerqu0_
2014-09-20 15:09:26.858  INFO 3345 --- [    Test worker] t.c.t.TransactionalTestExecutionListener : Rolled back transaction after test execution for test context [DefaultTestContext@33d475 testClass = CustomerQuickRegisterRespositoryIntegrationTest, testInstance = com.projectx.data.repository.CustomerQuickRegisterRespositoryIntegrationTest@1fbb348, testMethod = findAllWithEmailCustomer@CustomerQuickRegisterRespositoryIntegrationTest, testException = [null], mergedContextConfiguration = [MergedContextConfiguration@18c6035 testClass = CustomerQuickRegisterRespositoryIntegrationTest, locations = '{}', classes = '{class com.projectx.data.Application}', contextInitializerClasses = '[]', activeProfiles = '{Prod}', contextLoader = 'org.springframework.boot.test.SpringApplicationContextLoader', parent = [null]]]
2014-09-20 15:09:26.867  INFO 3345 --- [    Test worker] t.c.t.TransactionalTestExecutionListener : Began transaction (13) for test context [DefaultTestContext@33d475 testClass = CustomerQuickRegisterRespositoryIntegrationTest, testInstance = com.projectx.data.repository.CustomerQuickRegisterRespositoryIntegrationTest@8addc4, testMethod = fetchStatusByMobileWithEmailMobileCustomer@CustomerQuickRegisterRespositoryIntegrationTest, testException = [null], mergedContextConfiguration = [MergedContextConfiguration@18c6035 testClass = CustomerQuickRegisterRespositoryIntegrationTest, locations = '{}', classes = '{class com.projectx.data.Application}', contextInitializerClasses = '[]', activeProfiles = '{Prod}', contextLoader = 'org.springframework.boot.test.SpringApplicationContextLoader', parent = [null]]]; transaction manager [org.springframework.orm.jpa.JpaTransactionManager@10078fe]; rollback [true]
Hibernate: select count(customerqu0_.customer_id) as col_0_0_ from customer_quick_register_entity customerqu0_ where customerqu0_.mobile=?
Hibernate: insert into customer_quick_register_entity (email, email_hash, first_name, last_name, mobile, mobile_pin, pin, status) values (?, ?, ?, ?, ?, ?, ?, ?)
Hibernate: select status from customer_quick_register_entity where mobile=?
2014-09-20 15:09:26.926  INFO 3345 --- [    Test worker] t.c.t.TransactionalTestExecutionListener : Rolled back transaction after test execution for test context [DefaultTestContext@33d475 testClass = CustomerQuickRegisterRespositoryIntegrationTest, testInstance = com.projectx.data.repository.CustomerQuickRegisterRespositoryIntegrationTest@8addc4, testMethod = fetchStatusByMobileWithEmailMobileCustomer@CustomerQuickRegisterRespositoryIntegrationTest, testException = [null], mergedContextConfiguration = [MergedContextConfiguration@18c6035 testClass = CustomerQuickRegisterRespositoryIntegrationTest, locations = '{}', classes = '{class com.projectx.data.Application}', contextInitializerClasses = '[]', activeProfiles = '{Prod}', contextLoader = 'org.springframework.boot.test.SpringApplicationContextLoader', parent = [null]]]
]]></system-out>
  <system-err><![CDATA[]]></system-err>
</testsuite>
