<?xml version="1.0" encoding="UTF-8"?>
<testsuite name="com.projectx.data.repository.CustomerQuickRegisterRespositoryIntegrationTest" tests="18" failures="0" errors="0" timestamp="2014-09-22T09:04:23" hostname="dinesh" time="5.77">
  <properties/>
  <testcase name="addEmailMobileCustomer" classname="com.projectx.data.repository.CustomerQuickRegisterRespositoryIntegrationTest" time="4.189"/>
  <testcase name="fetchStatusByMobileWithMobileCustomer" classname="com.projectx.data.repository.CustomerQuickRegisterRespositoryIntegrationTest" time="0.256"/>
  <testcase name="fetchStatusByEmailWithEmailCustomer" classname="com.projectx.data.repository.CustomerQuickRegisterRespositoryIntegrationTest" time="0.076"/>
  <testcase name="addEmailCustomer" classname="com.projectx.data.repository.CustomerQuickRegisterRespositoryIntegrationTest" time="0.089"/>
  <testcase name="findAllWithMobileCustomer" classname="com.projectx.data.repository.CustomerQuickRegisterRespositoryIntegrationTest" time="0.052"/>
  <testcase name="fetchStatusByEmailWithEmailMobileCustomer" classname="com.projectx.data.repository.CustomerQuickRegisterRespositoryIntegrationTest" time="0.044"/>
  <testcase name="addMobileCustomer" classname="com.projectx.data.repository.CustomerQuickRegisterRespositoryIntegrationTest" time="0.043"/>
  <testcase name="countByEmailMobileWithEmailMobileCustomer" classname="com.projectx.data.repository.CustomerQuickRegisterRespositoryIntegrationTest" time="0.079"/>
  <testcase name="updateStatusWithEmailAndMobileFailingCase" classname="com.projectx.data.repository.CustomerQuickRegisterRespositoryIntegrationTest" time="0.041"/>
  <testcase name="updateStatusByEmailWithEmailCustomer" classname="com.projectx.data.repository.CustomerQuickRegisterRespositoryIntegrationTest" time="0.185"/>
  <testcase name="findAllWithEmailMobileCustomer" classname="com.projectx.data.repository.CustomerQuickRegisterRespositoryIntegrationTest" time="0.092"/>
  <testcase name="countByEmailMobileWithMobileCustomer" classname="com.projectx.data.repository.CustomerQuickRegisterRespositoryIntegrationTest" time="0.11"/>
  <testcase name="getCustomerByEmailWithEmailMobileCustomer" classname="com.projectx.data.repository.CustomerQuickRegisterRespositoryIntegrationTest" time="0.067"/>
  <testcase name="countByEmailMobileWithEmailCustomer" classname="com.projectx.data.repository.CustomerQuickRegisterRespositoryIntegrationTest" time="0.085"/>
  <testcase name="getCustomerByMobieWithEmailMobileCustomer" classname="com.projectx.data.repository.CustomerQuickRegisterRespositoryIntegrationTest" time="0.056"/>
  <testcase name="updateStatusByMobileWithMobileCustomer" classname="com.projectx.data.repository.CustomerQuickRegisterRespositoryIntegrationTest" time="0.052"/>
  <testcase name="findAllWithEmailCustomer" classname="com.projectx.data.repository.CustomerQuickRegisterRespositoryIntegrationTest" time="0.102"/>
  <testcase name="fetchStatusByMobileWithEmailMobileCustomer" classname="com.projectx.data.repository.CustomerQuickRegisterRespositoryIntegrationTest" time="0.132"/>
  <system-out><![CDATA[
  .   ____          _            __ _ _
 /\\ / ___'_ __ _ _(_)_ __  __ _ \ \ \ \
( ( )\___ | '_ | '_| | '_ \/ _` | \ \ \ \
 \\/  ___)| |_)| | | | | || (_| |  ) ) ) )
  '  |____| .__|_| |_|_| |_\__, | / / / /
 =========|_|==============|___/=/_/_/_/
 :: Spring Boot ::        (v1.1.5.RELEASE)

2014-09-22 14:34:24.438  INFO 18974 --- [    Test worker] o.s.boot.SpringApplication               : Starting application on dinesh with PID 18974 (/home/dinesh/.m2/repository/org/springframework/boot/spring-boot/1.1.5.RELEASE/spring-boot-1.1.5.RELEASE.jar started by dinesh in /home/dinesh/NewWorkspace/ProjectXDataJPA)
2014-09-22 14:34:24.440  INFO 18974 --- [    Test worker] s.c.a.AnnotationConfigApplicationContext : Refreshing org.springframework.context.annotation.AnnotationConfigApplicationContext@82a494: startup date [Mon Sep 22 14:34:24 IST 2014]; root of context hierarchy
2014-09-22 14:34:26.084  INFO 18974 --- [    Test worker] j.LocalContainerEntityManagerFactoryBean : Building JPA container EntityManagerFactory for persistence unit 'default'
2014-09-22 14:34:26.096  INFO 18974 --- [    Test worker] o.hibernate.jpa.internal.util.LogHelper  : HHH000204: Processing PersistenceUnitInfo [
	name: default
	...]
2014-09-22 14:34:27.277  INFO 18974 --- [    Test worker] org.hibernate.dialect.Dialect            : HHH000400: Using dialect: org.hibernate.dialect.MySQL5Dialect
2014-09-22 14:34:27.278  INFO 18974 --- [    Test worker] o.h.e.jdbc.internal.LobCreatorBuilder    : HHH000423: Disabling contextual LOB creation as JDBC driver reported JDBC version [3] less than 4
2014-09-22 14:34:27.296  INFO 18974 --- [    Test worker] o.h.h.i.ast.ASTQueryTranslatorFactory    : HHH000397: Using ASTQueryTranslatorFactory
2014-09-22 14:34:27.371  INFO 18974 --- [    Test worker] org.hibernate.tool.hbm2ddl.SchemaUpdate  : HHH000228: Running hbm2ddl schema update
2014-09-22 14:34:27.371  INFO 18974 --- [    Test worker] org.hibernate.tool.hbm2ddl.SchemaUpdate  : HHH000102: Fetching database metadata
2014-09-22 14:34:27.374  INFO 18974 --- [    Test worker] org.hibernate.tool.hbm2ddl.SchemaUpdate  : HHH000396: Updating schema
2014-09-22 14:34:27.547  INFO 18974 --- [    Test worker] o.hibernate.tool.hbm2ddl.TableMetadata   : HHH000261: Table found: spring.customer_quick_register_entity
2014-09-22 14:34:27.548  INFO 18974 --- [    Test worker] o.hibernate.tool.hbm2ddl.TableMetadata   : HHH000037: Columns: [first_name, status, pin, email, last_name, mobile_pin, email_hash, customer_id, mobile]
2014-09-22 14:34:27.549  INFO 18974 --- [    Test worker] o.hibernate.tool.hbm2ddl.TableMetadata   : HHH000108: Foreign keys: []
2014-09-22 14:34:27.549  INFO 18974 --- [    Test worker] o.hibernate.tool.hbm2ddl.TableMetadata   : HHH000126: Indexes: [uk_489ghacvvidt74n66lx26o2j, uk_q9lcp8rk0ctsnf48nuejvtmus, primary]
2014-09-22 14:34:27.567  INFO 18974 --- [    Test worker] o.hibernate.tool.hbm2ddl.TableMetadata   : HHH000261: Table found: spring.email
2014-09-22 14:34:27.568  INFO 18974 --- [    Test worker] o.hibernate.tool.hbm2ddl.TableMetadata   : HHH000037: Columns: [id, email, name]
2014-09-22 14:34:27.569  INFO 18974 --- [    Test worker] o.hibernate.tool.hbm2ddl.TableMetadata   : HHH000108: Foreign keys: []
2014-09-22 14:34:27.569  INFO 18974 --- [    Test worker] o.hibernate.tool.hbm2ddl.TableMetadata   : HHH000126: Indexes: [primary]
2014-09-22 14:34:27.570  INFO 18974 --- [    Test worker] org.hibernate.tool.hbm2ddl.SchemaUpdate  : HHH000232: Schema update complete
2014-09-22 14:34:27.573  WARN 18974 --- [    Test worker] o.h.j.i.EntityManagerFactoryRegistry     : HHH000436: Entity manager factory name (default) is already registered.  If entity manager will be clustered or passivated, specify a unique value for property 'hibernate.ejb.entitymanager_factory_name'
2014-09-22 14:34:27.797  INFO 18974 --- [    Test worker] o.s.boot.SpringApplication               : Started application in 3.674 seconds (JVM running for 25.614)
2014-09-22 14:34:27.824  INFO 18974 --- [    Test worker] t.c.t.TransactionalTestExecutionListener : Began transaction (1) for test context [DefaultTestContext@a7773d testClass = CustomerQuickRegisterRespositoryIntegrationTest, testInstance = com.projectx.data.repository.CustomerQuickRegisterRespositoryIntegrationTest@854934, testMethod = addEmailMobileCustomer@CustomerQuickRegisterRespositoryIntegrationTest, testException = [null], mergedContextConfiguration = [MergedContextConfiguration@892460 testClass = CustomerQuickRegisterRespositoryIntegrationTest, locations = '{}', classes = '{class com.projectx.data.Application}', contextInitializerClasses = '[]', activeProfiles = '{Prod}', contextLoader = 'org.springframework.boot.test.SpringApplicationContextLoader', parent = [null]]]; transaction manager [org.springframework.orm.jpa.JpaTransactionManager@1b3348b]; rollback [true]
Hibernate: select customerqu0_.customer_id as customer1_0_, customerqu0_.email as email2_0_, customerqu0_.email_hash as email_ha3_0_, customerqu0_.first_name as first_na4_0_, customerqu0_.last_name as last_nam5_0_, customerqu0_.mobile as mobile6_0_, customerqu0_.mobile_pin as mobile_p7_0_, customerqu0_.pin as pin8_0_, customerqu0_.status as status9_0_ from customer_quick_register_entity customerqu0_
Hibernate: insert into customer_quick_register_entity (email, email_hash, first_name, last_name, mobile, mobile_pin, pin, status) values (?, ?, ?, ?, ?, ?, ?, ?)
Hibernate: select customerqu0_.customer_id as customer1_0_, customerqu0_.email as email2_0_, customerqu0_.email_hash as email_ha3_0_, customerqu0_.first_name as first_na4_0_, customerqu0_.last_name as last_nam5_0_, customerqu0_.mobile as mobile6_0_, customerqu0_.mobile_pin as mobile_p7_0_, customerqu0_.pin as pin8_0_, customerqu0_.status as status9_0_ from customer_quick_register_entity customerqu0_
2014-09-22 14:34:28.165  INFO 18974 --- [    Test worker] t.c.t.TransactionalTestExecutionListener : Rolled back transaction after test execution for test context [DefaultTestContext@a7773d testClass = CustomerQuickRegisterRespositoryIntegrationTest, testInstance = com.projectx.data.repository.CustomerQuickRegisterRespositoryIntegrationTest@854934, testMethod = addEmailMobileCustomer@CustomerQuickRegisterRespositoryIntegrationTest, testException = [null], mergedContextConfiguration = [MergedContextConfiguration@892460 testClass = CustomerQuickRegisterRespositoryIntegrationTest, locations = '{}', classes = '{class com.projectx.data.Application}', contextInitializerClasses = '[]', activeProfiles = '{Prod}', contextLoader = 'org.springframework.boot.test.SpringApplicationContextLoader', parent = [null]]]
2014-09-22 14:34:28.172  INFO 18974 --- [    Test worker] t.c.t.TransactionalTestExecutionListener : Began transaction (2) for test context [DefaultTestContext@a7773d testClass = CustomerQuickRegisterRespositoryIntegrationTest, testInstance = com.projectx.data.repository.CustomerQuickRegisterRespositoryIntegrationTest@c0f8a1, testMethod = fetchStatusByMobileWithMobileCustomer@CustomerQuickRegisterRespositoryIntegrationTest, testException = [null], mergedContextConfiguration = [MergedContextConfiguration@892460 testClass = CustomerQuickRegisterRespositoryIntegrationTest, locations = '{}', classes = '{class com.projectx.data.Application}', contextInitializerClasses = '[]', activeProfiles = '{Prod}', contextLoader = 'org.springframework.boot.test.SpringApplicationContextLoader', parent = [null]]]; transaction manager [org.springframework.orm.jpa.JpaTransactionManager@1b3348b]; rollback [true]
Hibernate: select count(customerqu0_.customer_id) as col_0_0_ from customer_quick_register_entity customerqu0_ where customerqu0_.mobile=?
Hibernate: insert into customer_quick_register_entity (email, email_hash, first_name, last_name, mobile, mobile_pin, pin, status) values (?, ?, ?, ?, ?, ?, ?, ?)
Hibernate: select status from customer_quick_register_entity where mobile=?
2014-09-22 14:34:28.421  INFO 18974 --- [    Test worker] t.c.t.TransactionalTestExecutionListener : Rolled back transaction after test execution for test context [DefaultTestContext@a7773d testClass = CustomerQuickRegisterRespositoryIntegrationTest, testInstance = com.projectx.data.repository.CustomerQuickRegisterRespositoryIntegrationTest@c0f8a1, testMethod = fetchStatusByMobileWithMobileCustomer@CustomerQuickRegisterRespositoryIntegrationTest, testException = [null], mergedContextConfiguration = [MergedContextConfiguration@892460 testClass = CustomerQuickRegisterRespositoryIntegrationTest, locations = '{}', classes = '{class com.projectx.data.Application}', contextInitializerClasses = '[]', activeProfiles = '{Prod}', contextLoader = 'org.springframework.boot.test.SpringApplicationContextLoader', parent = [null]]]
2014-09-22 14:34:28.430  INFO 18974 --- [    Test worker] t.c.t.TransactionalTestExecutionListener : Began transaction (3) for test context [DefaultTestContext@a7773d testClass = CustomerQuickRegisterRespositoryIntegrationTest, testInstance = com.projectx.data.repository.CustomerQuickRegisterRespositoryIntegrationTest@1a86bb2, testMethod = fetchStatusByEmailWithEmailCustomer@CustomerQuickRegisterRespositoryIntegrationTest, testException = [null], mergedContextConfiguration = [MergedContextConfiguration@892460 testClass = CustomerQuickRegisterRespositoryIntegrationTest, locations = '{}', classes = '{class com.projectx.data.Application}', contextInitializerClasses = '[]', activeProfiles = '{Prod}', contextLoader = 'org.springframework.boot.test.SpringApplicationContextLoader', parent = [null]]]; transaction manager [org.springframework.orm.jpa.JpaTransactionManager@1b3348b]; rollback [true]
Hibernate: select count(customerqu0_.customer_id) as col_0_0_ from customer_quick_register_entity customerqu0_ where customerqu0_.email=?
Hibernate: insert into customer_quick_register_entity (email, email_hash, first_name, last_name, mobile, mobile_pin, pin, status) values (?, ?, ?, ?, ?, ?, ?, ?)
Hibernate: select status from customer_quick_register_entity where email=?
2014-09-22 14:34:28.499  INFO 18974 --- [    Test worker] t.c.t.TransactionalTestExecutionListener : Rolled back transaction after test execution for test context [DefaultTestContext@a7773d testClass = CustomerQuickRegisterRespositoryIntegrationTest, testInstance = com.projectx.data.repository.CustomerQuickRegisterRespositoryIntegrationTest@1a86bb2, testMethod = fetchStatusByEmailWithEmailCustomer@CustomerQuickRegisterRespositoryIntegrationTest, testException = [null], mergedContextConfiguration = [MergedContextConfiguration@892460 testClass = CustomerQuickRegisterRespositoryIntegrationTest, locations = '{}', classes = '{class com.projectx.data.Application}', contextInitializerClasses = '[]', activeProfiles = '{Prod}', contextLoader = 'org.springframework.boot.test.SpringApplicationContextLoader', parent = [null]]]
2014-09-22 14:34:28.508  INFO 18974 --- [    Test worker] t.c.t.TransactionalTestExecutionListener : Began transaction (4) for test context [DefaultTestContext@a7773d testClass = CustomerQuickRegisterRespositoryIntegrationTest, testInstance = com.projectx.data.repository.CustomerQuickRegisterRespositoryIntegrationTest@17009f9, testMethod = addEmailCustomer@CustomerQuickRegisterRespositoryIntegrationTest, testException = [null], mergedContextConfiguration = [MergedContextConfiguration@892460 testClass = CustomerQuickRegisterRespositoryIntegrationTest, locations = '{}', classes = '{class com.projectx.data.Application}', contextInitializerClasses = '[]', activeProfiles = '{Prod}', contextLoader = 'org.springframework.boot.test.SpringApplicationContextLoader', parent = [null]]]; transaction manager [org.springframework.orm.jpa.JpaTransactionManager@1b3348b]; rollback [true]
Hibernate: select customerqu0_.customer_id as customer1_0_, customerqu0_.email as email2_0_, customerqu0_.email_hash as email_ha3_0_, customerqu0_.first_name as first_na4_0_, customerqu0_.last_name as last_nam5_0_, customerqu0_.mobile as mobile6_0_, customerqu0_.mobile_pin as mobile_p7_0_, customerqu0_.pin as pin8_0_, customerqu0_.status as status9_0_ from customer_quick_register_entity customerqu0_
Hibernate: insert into customer_quick_register_entity (email, email_hash, first_name, last_name, mobile, mobile_pin, pin, status) values (?, ?, ?, ?, ?, ?, ?, ?)
Hibernate: select customerqu0_.customer_id as customer1_0_, customerqu0_.email as email2_0_, customerqu0_.email_hash as email_ha3_0_, customerqu0_.first_name as first_na4_0_, customerqu0_.last_name as last_nam5_0_, customerqu0_.mobile as mobile6_0_, customerqu0_.mobile_pin as mobile_p7_0_, customerqu0_.pin as pin8_0_, customerqu0_.status as status9_0_ from customer_quick_register_entity customerqu0_
Hibernate: select customerqu0_.customer_id as customer1_0_, customerqu0_.email as email2_0_, customerqu0_.email_hash as email_ha3_0_, customerqu0_.first_name as first_na4_0_, customerqu0_.last_name as last_nam5_0_, customerqu0_.mobile as mobile6_0_, customerqu0_.mobile_pin as mobile_p7_0_, customerqu0_.pin as pin8_0_, customerqu0_.status as status9_0_ from customer_quick_register_entity customerqu0_
2014-09-22 14:34:28.588  INFO 18974 --- [    Test worker] t.c.t.TransactionalTestExecutionListener : Rolled back transaction after test execution for test context [DefaultTestContext@a7773d testClass = CustomerQuickRegisterRespositoryIntegrationTest, testInstance = com.projectx.data.repository.CustomerQuickRegisterRespositoryIntegrationTest@17009f9, testMethod = addEmailCustomer@CustomerQuickRegisterRespositoryIntegrationTest, testException = [null], mergedContextConfiguration = [MergedContextConfiguration@892460 testClass = CustomerQuickRegisterRespositoryIntegrationTest, locations = '{}', classes = '{class com.projectx.data.Application}', contextInitializerClasses = '[]', activeProfiles = '{Prod}', contextLoader = 'org.springframework.boot.test.SpringApplicationContextLoader', parent = [null]]]
2014-09-22 14:34:28.602  INFO 18974 --- [    Test worker] t.c.t.TransactionalTestExecutionListener : Began transaction (5) for test context [DefaultTestContext@a7773d testClass = CustomerQuickRegisterRespositoryIntegrationTest, testInstance = com.projectx.data.repository.CustomerQuickRegisterRespositoryIntegrationTest@8a0553, testMethod = findAllWithMobileCustomer@CustomerQuickRegisterRespositoryIntegrationTest, testException = [null], mergedContextConfiguration = [MergedContextConfiguration@892460 testClass = CustomerQuickRegisterRespositoryIntegrationTest, locations = '{}', classes = '{class com.projectx.data.Application}', contextInitializerClasses = '[]', activeProfiles = '{Prod}', contextLoader = 'org.springframework.boot.test.SpringApplicationContextLoader', parent = [null]]]; transaction manager [org.springframework.orm.jpa.JpaTransactionManager@1b3348b]; rollback [true]
Hibernate: select customerqu0_.customer_id as customer1_0_, customerqu0_.email as email2_0_, customerqu0_.email_hash as email_ha3_0_, customerqu0_.first_name as first_na4_0_, customerqu0_.last_name as last_nam5_0_, customerqu0_.mobile as mobile6_0_, customerqu0_.mobile_pin as mobile_p7_0_, customerqu0_.pin as pin8_0_, customerqu0_.status as status9_0_ from customer_quick_register_entity customerqu0_
Hibernate: insert into customer_quick_register_entity (email, email_hash, first_name, last_name, mobile, mobile_pin, pin, status) values (?, ?, ?, ?, ?, ?, ?, ?)
Hibernate: select customerqu0_.customer_id as customer1_0_, customerqu0_.email as email2_0_, customerqu0_.email_hash as email_ha3_0_, customerqu0_.first_name as first_na4_0_, customerqu0_.last_name as last_nam5_0_, customerqu0_.mobile as mobile6_0_, customerqu0_.mobile_pin as mobile_p7_0_, customerqu0_.pin as pin8_0_, customerqu0_.status as status9_0_ from customer_quick_register_entity customerqu0_
2014-09-22 14:34:28.643  INFO 18974 --- [    Test worker] t.c.t.TransactionalTestExecutionListener : Rolled back transaction after test execution for test context [DefaultTestContext@a7773d testClass = CustomerQuickRegisterRespositoryIntegrationTest, testInstance = com.projectx.data.repository.CustomerQuickRegisterRespositoryIntegrationTest@8a0553, testMethod = findAllWithMobileCustomer@CustomerQuickRegisterRespositoryIntegrationTest, testException = [null], mergedContextConfiguration = [MergedContextConfiguration@892460 testClass = CustomerQuickRegisterRespositoryIntegrationTest, locations = '{}', classes = '{class com.projectx.data.Application}', contextInitializerClasses = '[]', activeProfiles = '{Prod}', contextLoader = 'org.springframework.boot.test.SpringApplicationContextLoader', parent = [null]]]
2014-09-22 14:34:28.650  INFO 18974 --- [    Test worker] t.c.t.TransactionalTestExecutionListener : Began transaction (6) for test context [DefaultTestContext@a7773d testClass = CustomerQuickRegisterRespositoryIntegrationTest, testInstance = com.projectx.data.repository.CustomerQuickRegisterRespositoryIntegrationTest@199df72, testMethod = fetchStatusByEmailWithEmailMobileCustomer@CustomerQuickRegisterRespositoryIntegrationTest, testException = [null], mergedContextConfiguration = [MergedContextConfiguration@892460 testClass = CustomerQuickRegisterRespositoryIntegrationTest, locations = '{}', classes = '{class com.projectx.data.Application}', contextInitializerClasses = '[]', activeProfiles = '{Prod}', contextLoader = 'org.springframework.boot.test.SpringApplicationContextLoader', parent = [null]]]; transaction manager [org.springframework.orm.jpa.JpaTransactionManager@1b3348b]; rollback [true]
Hibernate: select count(customerqu0_.customer_id) as col_0_0_ from customer_quick_register_entity customerqu0_ where customerqu0_.email=?
Hibernate: insert into customer_quick_register_entity (email, email_hash, first_name, last_name, mobile, mobile_pin, pin, status) values (?, ?, ?, ?, ?, ?, ?, ?)
Hibernate: select status from customer_quick_register_entity where email=?
2014-09-22 14:34:28.687  INFO 18974 --- [    Test worker] t.c.t.TransactionalTestExecutionListener : Rolled back transaction after test execution for test context [DefaultTestContext@a7773d testClass = CustomerQuickRegisterRespositoryIntegrationTest, testInstance = com.projectx.data.repository.CustomerQuickRegisterRespositoryIntegrationTest@199df72, testMethod = fetchStatusByEmailWithEmailMobileCustomer@CustomerQuickRegisterRespositoryIntegrationTest, testException = [null], mergedContextConfiguration = [MergedContextConfiguration@892460 testClass = CustomerQuickRegisterRespositoryIntegrationTest, locations = '{}', classes = '{class com.projectx.data.Application}', contextInitializerClasses = '[]', activeProfiles = '{Prod}', contextLoader = 'org.springframework.boot.test.SpringApplicationContextLoader', parent = [null]]]
2014-09-22 14:34:28.693  INFO 18974 --- [    Test worker] t.c.t.TransactionalTestExecutionListener : Began transaction (7) for test context [DefaultTestContext@a7773d testClass = CustomerQuickRegisterRespositoryIntegrationTest, testInstance = com.projectx.data.repository.CustomerQuickRegisterRespositoryIntegrationTest@269b79, testMethod = addMobileCustomer@CustomerQuickRegisterRespositoryIntegrationTest, testException = [null], mergedContextConfiguration = [MergedContextConfiguration@892460 testClass = CustomerQuickRegisterRespositoryIntegrationTest, locations = '{}', classes = '{class com.projectx.data.Application}', contextInitializerClasses = '[]', activeProfiles = '{Prod}', contextLoader = 'org.springframework.boot.test.SpringApplicationContextLoader', parent = [null]]]; transaction manager [org.springframework.orm.jpa.JpaTransactionManager@1b3348b]; rollback [true]
Hibernate: select customerqu0_.customer_id as customer1_0_, customerqu0_.email as email2_0_, customerqu0_.email_hash as email_ha3_0_, customerqu0_.first_name as first_na4_0_, customerqu0_.last_name as last_nam5_0_, customerqu0_.mobile as mobile6_0_, customerqu0_.mobile_pin as mobile_p7_0_, customerqu0_.pin as pin8_0_, customerqu0_.status as status9_0_ from customer_quick_register_entity customerqu0_
Hibernate: insert into customer_quick_register_entity (email, email_hash, first_name, last_name, mobile, mobile_pin, pin, status) values (?, ?, ?, ?, ?, ?, ?, ?)
Hibernate: select customerqu0_.customer_id as customer1_0_, customerqu0_.email as email2_0_, customerqu0_.email_hash as email_ha3_0_, customerqu0_.first_name as first_na4_0_, customerqu0_.last_name as last_nam5_0_, customerqu0_.mobile as mobile6_0_, customerqu0_.mobile_pin as mobile_p7_0_, customerqu0_.pin as pin8_0_, customerqu0_.status as status9_0_ from customer_quick_register_entity customerqu0_
2014-09-22 14:34:28.732  INFO 18974 --- [    Test worker] t.c.t.TransactionalTestExecutionListener : Rolled back transaction after test execution for test context [DefaultTestContext@a7773d testClass = CustomerQuickRegisterRespositoryIntegrationTest, testInstance = com.projectx.data.repository.CustomerQuickRegisterRespositoryIntegrationTest@269b79, testMethod = addMobileCustomer@CustomerQuickRegisterRespositoryIntegrationTest, testException = [null], mergedContextConfiguration = [MergedContextConfiguration@892460 testClass = CustomerQuickRegisterRespositoryIntegrationTest, locations = '{}', classes = '{class com.projectx.data.Application}', contextInitializerClasses = '[]', activeProfiles = '{Prod}', contextLoader = 'org.springframework.boot.test.SpringApplicationContextLoader', parent = [null]]]
2014-09-22 14:34:28.740  INFO 18974 --- [    Test worker] t.c.t.TransactionalTestExecutionListener : Began transaction (8) for test context [DefaultTestContext@a7773d testClass = CustomerQuickRegisterRespositoryIntegrationTest, testInstance = com.projectx.data.repository.CustomerQuickRegisterRespositoryIntegrationTest@133fa90, testMethod = countByEmailMobileWithEmailMobileCustomer@CustomerQuickRegisterRespositoryIntegrationTest, testException = [null], mergedContextConfiguration = [MergedContextConfiguration@892460 testClass = CustomerQuickRegisterRespositoryIntegrationTest, locations = '{}', classes = '{class com.projectx.data.Application}', contextInitializerClasses = '[]', activeProfiles = '{Prod}', contextLoader = 'org.springframework.boot.test.SpringApplicationContextLoader', parent = [null]]]; transaction manager [org.springframework.orm.jpa.JpaTransactionManager@1b3348b]; rollback [true]
Hibernate: select count(customerqu0_.customer_id) as col_0_0_ from customer_quick_register_entity customerqu0_ where customerqu0_.email=?
Hibernate: select count(customerqu0_.customer_id) as col_0_0_ from customer_quick_register_entity customerqu0_ where customerqu0_.mobile=?
Hibernate: insert into customer_quick_register_entity (email, email_hash, first_name, last_name, mobile, mobile_pin, pin, status) values (?, ?, ?, ?, ?, ?, ?, ?)
Hibernate: select count(customerqu0_.customer_id) as col_0_0_ from customer_quick_register_entity customerqu0_ where customerqu0_.email=?
Hibernate: select count(customerqu0_.customer_id) as col_0_0_ from customer_quick_register_entity customerqu0_ where customerqu0_.mobile=?
2014-09-22 14:34:28.811  INFO 18974 --- [    Test worker] t.c.t.TransactionalTestExecutionListener : Rolled back transaction after test execution for test context [DefaultTestContext@a7773d testClass = CustomerQuickRegisterRespositoryIntegrationTest, testInstance = com.projectx.data.repository.CustomerQuickRegisterRespositoryIntegrationTest@133fa90, testMethod = countByEmailMobileWithEmailMobileCustomer@CustomerQuickRegisterRespositoryIntegrationTest, testException = [null], mergedContextConfiguration = [MergedContextConfiguration@892460 testClass = CustomerQuickRegisterRespositoryIntegrationTest, locations = '{}', classes = '{class com.projectx.data.Application}', contextInitializerClasses = '[]', activeProfiles = '{Prod}', contextLoader = 'org.springframework.boot.test.SpringApplicationContextLoader', parent = [null]]]
2014-09-22 14:34:28.820  INFO 18974 --- [    Test worker] t.c.t.TransactionalTestExecutionListener : Began transaction (9) for test context [DefaultTestContext@a7773d testClass = CustomerQuickRegisterRespositoryIntegrationTest, testInstance = com.projectx.data.repository.CustomerQuickRegisterRespositoryIntegrationTest@1986364, testMethod = updateStatusWithEmailAndMobileFailingCase@CustomerQuickRegisterRespositoryIntegrationTest, testException = [null], mergedContextConfiguration = [MergedContextConfiguration@892460 testClass = CustomerQuickRegisterRespositoryIntegrationTest, locations = '{}', classes = '{class com.projectx.data.Application}', contextInitializerClasses = '[]', activeProfiles = '{Prod}', contextLoader = 'org.springframework.boot.test.SpringApplicationContextLoader', parent = [null]]]; transaction manager [org.springframework.orm.jpa.JpaTransactionManager@1b3348b]; rollback [true]
Hibernate: update customer_quick_register_entity set status=? where mobile=?
Hibernate: update customer_quick_register_entity set status=? where email=?
2014-09-22 14:34:28.855  INFO 18974 --- [    Test worker] t.c.t.TransactionalTestExecutionListener : Rolled back transaction after test execution for test context [DefaultTestContext@a7773d testClass = CustomerQuickRegisterRespositoryIntegrationTest, testInstance = com.projectx.data.repository.CustomerQuickRegisterRespositoryIntegrationTest@1986364, testMethod = updateStatusWithEmailAndMobileFailingCase@CustomerQuickRegisterRespositoryIntegrationTest, testException = [null], mergedContextConfiguration = [MergedContextConfiguration@892460 testClass = CustomerQuickRegisterRespositoryIntegrationTest, locations = '{}', classes = '{class com.projectx.data.Application}', contextInitializerClasses = '[]', activeProfiles = '{Prod}', contextLoader = 'org.springframework.boot.test.SpringApplicationContextLoader', parent = [null]]]
2014-09-22 14:34:28.860  INFO 18974 --- [    Test worker] t.c.t.TransactionalTestExecutionListener : Began transaction (10) for test context [DefaultTestContext@a7773d testClass = CustomerQuickRegisterRespositoryIntegrationTest, testInstance = com.projectx.data.repository.CustomerQuickRegisterRespositoryIntegrationTest@1cda803, testMethod = updateStatusByEmailWithEmailCustomer@CustomerQuickRegisterRespositoryIntegrationTest, testException = [null], mergedContextConfiguration = [MergedContextConfiguration@892460 testClass = CustomerQuickRegisterRespositoryIntegrationTest, locations = '{}', classes = '{class com.projectx.data.Application}', contextInitializerClasses = '[]', activeProfiles = '{Prod}', contextLoader = 'org.springframework.boot.test.SpringApplicationContextLoader', parent = [null]]]; transaction manager [org.springframework.orm.jpa.JpaTransactionManager@1b3348b]; rollback [true]
Hibernate: select count(customerqu0_.customer_id) as col_0_0_ from customer_quick_register_entity customerqu0_ where customerqu0_.email=?
Hibernate: insert into customer_quick_register_entity (email, email_hash, first_name, last_name, mobile, mobile_pin, pin, status) values (?, ?, ?, ?, ?, ?, ?, ?)
Hibernate: select customerqu0_.customer_id as customer1_0_, customerqu0_.email as email2_0_, customerqu0_.email_hash as email_ha3_0_, customerqu0_.first_name as first_na4_0_, customerqu0_.last_name as last_nam5_0_, customerqu0_.mobile as mobile6_0_, customerqu0_.mobile_pin as mobile_p7_0_, customerqu0_.pin as pin8_0_, customerqu0_.status as status9_0_ from customer_quick_register_entity customerqu0_ where customerqu0_.email=?
Hibernate: update customer_quick_register_entity set status=? where email=?
2014-09-22 14:34:29.040  INFO 18974 --- [    Test worker] t.c.t.TransactionalTestExecutionListener : Rolled back transaction after test execution for test context [DefaultTestContext@a7773d testClass = CustomerQuickRegisterRespositoryIntegrationTest, testInstance = com.projectx.data.repository.CustomerQuickRegisterRespositoryIntegrationTest@1cda803, testMethod = updateStatusByEmailWithEmailCustomer@CustomerQuickRegisterRespositoryIntegrationTest, testException = [null], mergedContextConfiguration = [MergedContextConfiguration@892460 testClass = CustomerQuickRegisterRespositoryIntegrationTest, locations = '{}', classes = '{class com.projectx.data.Application}', contextInitializerClasses = '[]', activeProfiles = '{Prod}', contextLoader = 'org.springframework.boot.test.SpringApplicationContextLoader', parent = [null]]]
2014-09-22 14:34:29.047  INFO 18974 --- [    Test worker] t.c.t.TransactionalTestExecutionListener : Began transaction (11) for test context [DefaultTestContext@a7773d testClass = CustomerQuickRegisterRespositoryIntegrationTest, testInstance = com.projectx.data.repository.CustomerQuickRegisterRespositoryIntegrationTest@647003, testMethod = findAllWithEmailMobileCustomer@CustomerQuickRegisterRespositoryIntegrationTest, testException = [null], mergedContextConfiguration = [MergedContextConfiguration@892460 testClass = CustomerQuickRegisterRespositoryIntegrationTest, locations = '{}', classes = '{class com.projectx.data.Application}', contextInitializerClasses = '[]', activeProfiles = '{Prod}', contextLoader = 'org.springframework.boot.test.SpringApplicationContextLoader', parent = [null]]]; transaction manager [org.springframework.orm.jpa.JpaTransactionManager@1b3348b]; rollback [true]
Hibernate: select customerqu0_.customer_id as customer1_0_, customerqu0_.email as email2_0_, customerqu0_.email_hash as email_ha3_0_, customerqu0_.first_name as first_na4_0_, customerqu0_.last_name as last_nam5_0_, customerqu0_.mobile as mobile6_0_, customerqu0_.mobile_pin as mobile_p7_0_, customerqu0_.pin as pin8_0_, customerqu0_.status as status9_0_ from customer_quick_register_entity customerqu0_
Hibernate: insert into customer_quick_register_entity (email, email_hash, first_name, last_name, mobile, mobile_pin, pin, status) values (?, ?, ?, ?, ?, ?, ?, ?)
Hibernate: select customerqu0_.customer_id as customer1_0_, customerqu0_.email as email2_0_, customerqu0_.email_hash as email_ha3_0_, customerqu0_.first_name as first_na4_0_, customerqu0_.last_name as last_nam5_0_, customerqu0_.mobile as mobile6_0_, customerqu0_.mobile_pin as mobile_p7_0_, customerqu0_.pin as pin8_0_, customerqu0_.status as status9_0_ from customer_quick_register_entity customerqu0_
2014-09-22 14:34:29.131  INFO 18974 --- [    Test worker] t.c.t.TransactionalTestExecutionListener : Rolled back transaction after test execution for test context [DefaultTestContext@a7773d testClass = CustomerQuickRegisterRespositoryIntegrationTest, testInstance = com.projectx.data.repository.CustomerQuickRegisterRespositoryIntegrationTest@647003, testMethod = findAllWithEmailMobileCustomer@CustomerQuickRegisterRespositoryIntegrationTest, testException = [null], mergedContextConfiguration = [MergedContextConfiguration@892460 testClass = CustomerQuickRegisterRespositoryIntegrationTest, locations = '{}', classes = '{class com.projectx.data.Application}', contextInitializerClasses = '[]', activeProfiles = '{Prod}', contextLoader = 'org.springframework.boot.test.SpringApplicationContextLoader', parent = [null]]]
2014-09-22 14:34:29.142  INFO 18974 --- [    Test worker] t.c.t.TransactionalTestExecutionListener : Began transaction (12) for test context [DefaultTestContext@a7773d testClass = CustomerQuickRegisterRespositoryIntegrationTest, testInstance = com.projectx.data.repository.CustomerQuickRegisterRespositoryIntegrationTest@5b8271, testMethod = countByEmailMobileWithMobileCustomer@CustomerQuickRegisterRespositoryIntegrationTest, testException = [null], mergedContextConfiguration = [MergedContextConfiguration@892460 testClass = CustomerQuickRegisterRespositoryIntegrationTest, locations = '{}', classes = '{class com.projectx.data.Application}', contextInitializerClasses = '[]', activeProfiles = '{Prod}', contextLoader = 'org.springframework.boot.test.SpringApplicationContextLoader', parent = [null]]]; transaction manager [org.springframework.orm.jpa.JpaTransactionManager@1b3348b]; rollback [true]
Hibernate: select count(customerqu0_.customer_id) as col_0_0_ from customer_quick_register_entity customerqu0_ where customerqu0_.email=?
Hibernate: select count(customerqu0_.customer_id) as col_0_0_ from customer_quick_register_entity customerqu0_ where customerqu0_.mobile=?
Hibernate: insert into customer_quick_register_entity (email, email_hash, first_name, last_name, mobile, mobile_pin, pin, status) values (?, ?, ?, ?, ?, ?, ?, ?)
Hibernate: select count(customerqu0_.customer_id) as col_0_0_ from customer_quick_register_entity customerqu0_ where customerqu0_.email=?
Hibernate: select count(customerqu0_.customer_id) as col_0_0_ from customer_quick_register_entity customerqu0_ where customerqu0_.mobile=?
2014-09-22 14:34:29.243  INFO 18974 --- [    Test worker] t.c.t.TransactionalTestExecutionListener : Rolled back transaction after test execution for test context [DefaultTestContext@a7773d testClass = CustomerQuickRegisterRespositoryIntegrationTest, testInstance = com.projectx.data.repository.CustomerQuickRegisterRespositoryIntegrationTest@5b8271, testMethod = countByEmailMobileWithMobileCustomer@CustomerQuickRegisterRespositoryIntegrationTest, testException = [null], mergedContextConfiguration = [MergedContextConfiguration@892460 testClass = CustomerQuickRegisterRespositoryIntegrationTest, locations = '{}', classes = '{class com.projectx.data.Application}', contextInitializerClasses = '[]', activeProfiles = '{Prod}', contextLoader = 'org.springframework.boot.test.SpringApplicationContextLoader', parent = [null]]]
2014-09-22 14:34:29.253  INFO 18974 --- [    Test worker] t.c.t.TransactionalTestExecutionListener : Began transaction (13) for test context [DefaultTestContext@a7773d testClass = CustomerQuickRegisterRespositoryIntegrationTest, testInstance = com.projectx.data.repository.CustomerQuickRegisterRespositoryIntegrationTest@b0852d, testMethod = getCustomerByEmailWithEmailMobileCustomer@CustomerQuickRegisterRespositoryIntegrationTest, testException = [null], mergedContextConfiguration = [MergedContextConfiguration@892460 testClass = CustomerQuickRegisterRespositoryIntegrationTest, locations = '{}', classes = '{class com.projectx.data.Application}', contextInitializerClasses = '[]', activeProfiles = '{Prod}', contextLoader = 'org.springframework.boot.test.SpringApplicationContextLoader', parent = [null]]]; transaction manager [org.springframework.orm.jpa.JpaTransactionManager@1b3348b]; rollback [true]
Hibernate: select customerqu0_.customer_id as customer1_0_, customerqu0_.email as email2_0_, customerqu0_.email_hash as email_ha3_0_, customerqu0_.first_name as first_na4_0_, customerqu0_.last_name as last_nam5_0_, customerqu0_.mobile as mobile6_0_, customerqu0_.mobile_pin as mobile_p7_0_, customerqu0_.pin as pin8_0_, customerqu0_.status as status9_0_ from customer_quick_register_entity customerqu0_ where customerqu0_.email=?
Hibernate: insert into customer_quick_register_entity (email, email_hash, first_name, last_name, mobile, mobile_pin, pin, status) values (?, ?, ?, ?, ?, ?, ?, ?)
Hibernate: select customerqu0_.customer_id as customer1_0_, customerqu0_.email as email2_0_, customerqu0_.email_hash as email_ha3_0_, customerqu0_.first_name as first_na4_0_, customerqu0_.last_name as last_nam5_0_, customerqu0_.mobile as mobile6_0_, customerqu0_.mobile_pin as mobile_p7_0_, customerqu0_.pin as pin8_0_, customerqu0_.status as status9_0_ from customer_quick_register_entity customerqu0_ where customerqu0_.email=?
2014-09-22 14:34:29.311  INFO 18974 --- [    Test worker] t.c.t.TransactionalTestExecutionListener : Rolled back transaction after test execution for test context [DefaultTestContext@a7773d testClass = CustomerQuickRegisterRespositoryIntegrationTest, testInstance = com.projectx.data.repository.CustomerQuickRegisterRespositoryIntegrationTest@b0852d, testMethod = getCustomerByEmailWithEmailMobileCustomer@CustomerQuickRegisterRespositoryIntegrationTest, testException = [null], mergedContextConfiguration = [MergedContextConfiguration@892460 testClass = CustomerQuickRegisterRespositoryIntegrationTest, locations = '{}', classes = '{class com.projectx.data.Application}', contextInitializerClasses = '[]', activeProfiles = '{Prod}', contextLoader = 'org.springframework.boot.test.SpringApplicationContextLoader', parent = [null]]]
2014-09-22 14:34:29.323  INFO 18974 --- [    Test worker] t.c.t.TransactionalTestExecutionListener : Began transaction (14) for test context [DefaultTestContext@a7773d testClass = CustomerQuickRegisterRespositoryIntegrationTest, testInstance = com.projectx.data.repository.CustomerQuickRegisterRespositoryIntegrationTest@1fa1a03, testMethod = countByEmailMobileWithEmailCustomer@CustomerQuickRegisterRespositoryIntegrationTest, testException = [null], mergedContextConfiguration = [MergedContextConfiguration@892460 testClass = CustomerQuickRegisterRespositoryIntegrationTest, locations = '{}', classes = '{class com.projectx.data.Application}', contextInitializerClasses = '[]', activeProfiles = '{Prod}', contextLoader = 'org.springframework.boot.test.SpringApplicationContextLoader', parent = [null]]]; transaction manager [org.springframework.orm.jpa.JpaTransactionManager@1b3348b]; rollback [true]
Hibernate: select count(customerqu0_.customer_id) as col_0_0_ from customer_quick_register_entity customerqu0_ where customerqu0_.email=?
Hibernate: select count(customerqu0_.customer_id) as col_0_0_ from customer_quick_register_entity customerqu0_ where customerqu0_.mobile=?
Hibernate: insert into customer_quick_register_entity (email, email_hash, first_name, last_name, mobile, mobile_pin, pin, status) values (?, ?, ?, ?, ?, ?, ?, ?)
Hibernate: select count(customerqu0_.customer_id) as col_0_0_ from customer_quick_register_entity customerqu0_ where customerqu0_.email=?
Hibernate: select count(customerqu0_.customer_id) as col_0_0_ from customer_quick_register_entity customerqu0_ where customerqu0_.mobile=?
2014-09-22 14:34:29.400  INFO 18974 --- [    Test worker] t.c.t.TransactionalTestExecutionListener : Rolled back transaction after test execution for test context [DefaultTestContext@a7773d testClass = CustomerQuickRegisterRespositoryIntegrationTest, testInstance = com.projectx.data.repository.CustomerQuickRegisterRespositoryIntegrationTest@1fa1a03, testMethod = countByEmailMobileWithEmailCustomer@CustomerQuickRegisterRespositoryIntegrationTest, testException = [null], mergedContextConfiguration = [MergedContextConfiguration@892460 testClass = CustomerQuickRegisterRespositoryIntegrationTest, locations = '{}', classes = '{class com.projectx.data.Application}', contextInitializerClasses = '[]', activeProfiles = '{Prod}', contextLoader = 'org.springframework.boot.test.SpringApplicationContextLoader', parent = [null]]]
2014-09-22 14:34:29.407  INFO 18974 --- [    Test worker] t.c.t.TransactionalTestExecutionListener : Began transaction (15) for test context [DefaultTestContext@a7773d testClass = CustomerQuickRegisterRespositoryIntegrationTest, testInstance = com.projectx.data.repository.CustomerQuickRegisterRespositoryIntegrationTest@7c518e, testMethod = getCustomerByMobieWithEmailMobileCustomer@CustomerQuickRegisterRespositoryIntegrationTest, testException = [null], mergedContextConfiguration = [MergedContextConfiguration@892460 testClass = CustomerQuickRegisterRespositoryIntegrationTest, locations = '{}', classes = '{class com.projectx.data.Application}', contextInitializerClasses = '[]', activeProfiles = '{Prod}', contextLoader = 'org.springframework.boot.test.SpringApplicationContextLoader', parent = [null]]]; transaction manager [org.springframework.orm.jpa.JpaTransactionManager@1b3348b]; rollback [true]
Hibernate: select customerqu0_.customer_id as customer1_0_, customerqu0_.email as email2_0_, customerqu0_.email_hash as email_ha3_0_, customerqu0_.first_name as first_na4_0_, customerqu0_.last_name as last_nam5_0_, customerqu0_.mobile as mobile6_0_, customerqu0_.mobile_pin as mobile_p7_0_, customerqu0_.pin as pin8_0_, customerqu0_.status as status9_0_ from customer_quick_register_entity customerqu0_ where customerqu0_.mobile=?
Hibernate: insert into customer_quick_register_entity (email, email_hash, first_name, last_name, mobile, mobile_pin, pin, status) values (?, ?, ?, ?, ?, ?, ?, ?)
Hibernate: select customerqu0_.customer_id as customer1_0_, customerqu0_.email as email2_0_, customerqu0_.email_hash as email_ha3_0_, customerqu0_.first_name as first_na4_0_, customerqu0_.last_name as last_nam5_0_, customerqu0_.mobile as mobile6_0_, customerqu0_.mobile_pin as mobile_p7_0_, customerqu0_.pin as pin8_0_, customerqu0_.status as status9_0_ from customer_quick_register_entity customerqu0_ where customerqu0_.mobile=?
2014-09-22 14:34:29.456  INFO 18974 --- [    Test worker] t.c.t.TransactionalTestExecutionListener : Rolled back transaction after test execution for test context [DefaultTestContext@a7773d testClass = CustomerQuickRegisterRespositoryIntegrationTest, testInstance = com.projectx.data.repository.CustomerQuickRegisterRespositoryIntegrationTest@7c518e, testMethod = getCustomerByMobieWithEmailMobileCustomer@CustomerQuickRegisterRespositoryIntegrationTest, testException = [null], mergedContextConfiguration = [MergedContextConfiguration@892460 testClass = CustomerQuickRegisterRespositoryIntegrationTest, locations = '{}', classes = '{class com.projectx.data.Application}', contextInitializerClasses = '[]', activeProfiles = '{Prod}', contextLoader = 'org.springframework.boot.test.SpringApplicationContextLoader', parent = [null]]]
2014-09-22 14:34:29.466  INFO 18974 --- [    Test worker] t.c.t.TransactionalTestExecutionListener : Began transaction (16) for test context [DefaultTestContext@a7773d testClass = CustomerQuickRegisterRespositoryIntegrationTest, testInstance = com.projectx.data.repository.CustomerQuickRegisterRespositoryIntegrationTest@db048b, testMethod = updateStatusByMobileWithMobileCustomer@CustomerQuickRegisterRespositoryIntegrationTest, testException = [null], mergedContextConfiguration = [MergedContextConfiguration@892460 testClass = CustomerQuickRegisterRespositoryIntegrationTest, locations = '{}', classes = '{class com.projectx.data.Application}', contextInitializerClasses = '[]', activeProfiles = '{Prod}', contextLoader = 'org.springframework.boot.test.SpringApplicationContextLoader', parent = [null]]]; transaction manager [org.springframework.orm.jpa.JpaTransactionManager@1b3348b]; rollback [true]
Hibernate: select count(customerqu0_.customer_id) as col_0_0_ from customer_quick_register_entity customerqu0_ where customerqu0_.mobile=?
Hibernate: insert into customer_quick_register_entity (email, email_hash, first_name, last_name, mobile, mobile_pin, pin, status) values (?, ?, ?, ?, ?, ?, ?, ?)
Hibernate: select customerqu0_.customer_id as customer1_0_, customerqu0_.email as email2_0_, customerqu0_.email_hash as email_ha3_0_, customerqu0_.first_name as first_na4_0_, customerqu0_.last_name as last_nam5_0_, customerqu0_.mobile as mobile6_0_, customerqu0_.mobile_pin as mobile_p7_0_, customerqu0_.pin as pin8_0_, customerqu0_.status as status9_0_ from customer_quick_register_entity customerqu0_ where customerqu0_.mobile=?
Hibernate: update customer_quick_register_entity set status=? where mobile=?
2014-09-22 14:34:29.511  INFO 18974 --- [    Test worker] t.c.t.TransactionalTestExecutionListener : Rolled back transaction after test execution for test context [DefaultTestContext@a7773d testClass = CustomerQuickRegisterRespositoryIntegrationTest, testInstance = com.projectx.data.repository.CustomerQuickRegisterRespositoryIntegrationTest@db048b, testMethod = updateStatusByMobileWithMobileCustomer@CustomerQuickRegisterRespositoryIntegrationTest, testException = [null], mergedContextConfiguration = [MergedContextConfiguration@892460 testClass = CustomerQuickRegisterRespositoryIntegrationTest, locations = '{}', classes = '{class com.projectx.data.Application}', contextInitializerClasses = '[]', activeProfiles = '{Prod}', contextLoader = 'org.springframework.boot.test.SpringApplicationContextLoader', parent = [null]]]
2014-09-22 14:34:29.517  INFO 18974 --- [    Test worker] t.c.t.TransactionalTestExecutionListener : Began transaction (17) for test context [DefaultTestContext@a7773d testClass = CustomerQuickRegisterRespositoryIntegrationTest, testInstance = com.projectx.data.repository.CustomerQuickRegisterRespositoryIntegrationTest@21ff81, testMethod = findAllWithEmailCustomer@CustomerQuickRegisterRespositoryIntegrationTest, testException = [null], mergedContextConfiguration = [MergedContextConfiguration@892460 testClass = CustomerQuickRegisterRespositoryIntegrationTest, locations = '{}', classes = '{class com.projectx.data.Application}', contextInitializerClasses = '[]', activeProfiles = '{Prod}', contextLoader = 'org.springframework.boot.test.SpringApplicationContextLoader', parent = [null]]]; transaction manager [org.springframework.orm.jpa.JpaTransactionManager@1b3348b]; rollback [true]
Hibernate: select customerqu0_.customer_id as customer1_0_, customerqu0_.email as email2_0_, customerqu0_.email_hash as email_ha3_0_, customerqu0_.first_name as first_na4_0_, customerqu0_.last_name as last_nam5_0_, customerqu0_.mobile as mobile6_0_, customerqu0_.mobile_pin as mobile_p7_0_, customerqu0_.pin as pin8_0_, customerqu0_.status as status9_0_ from customer_quick_register_entity customerqu0_
Hibernate: insert into customer_quick_register_entity (email, email_hash, first_name, last_name, mobile, mobile_pin, pin, status) values (?, ?, ?, ?, ?, ?, ?, ?)
Hibernate: select customerqu0_.customer_id as customer1_0_, customerqu0_.email as email2_0_, customerqu0_.email_hash as email_ha3_0_, customerqu0_.first_name as first_na4_0_, customerqu0_.last_name as last_nam5_0_, customerqu0_.mobile as mobile6_0_, customerqu0_.mobile_pin as mobile_p7_0_, customerqu0_.pin as pin8_0_, customerqu0_.status as status9_0_ from customer_quick_register_entity customerqu0_
2014-09-22 14:34:29.615  INFO 18974 --- [    Test worker] t.c.t.TransactionalTestExecutionListener : Rolled back transaction after test execution for test context [DefaultTestContext@a7773d testClass = CustomerQuickRegisterRespositoryIntegrationTest, testInstance = com.projectx.data.repository.CustomerQuickRegisterRespositoryIntegrationTest@21ff81, testMethod = findAllWithEmailCustomer@CustomerQuickRegisterRespositoryIntegrationTest, testException = [null], mergedContextConfiguration = [MergedContextConfiguration@892460 testClass = CustomerQuickRegisterRespositoryIntegrationTest, locations = '{}', classes = '{class com.projectx.data.Application}', contextInitializerClasses = '[]', activeProfiles = '{Prod}', contextLoader = 'org.springframework.boot.test.SpringApplicationContextLoader', parent = [null]]]
2014-09-22 14:34:29.619  INFO 18974 --- [    Test worker] t.c.t.TransactionalTestExecutionListener : Began transaction (18) for test context [DefaultTestContext@a7773d testClass = CustomerQuickRegisterRespositoryIntegrationTest, testInstance = com.projectx.data.repository.CustomerQuickRegisterRespositoryIntegrationTest@1bf9540, testMethod = fetchStatusByMobileWithEmailMobileCustomer@CustomerQuickRegisterRespositoryIntegrationTest, testException = [null], mergedContextConfiguration = [MergedContextConfiguration@892460 testClass = CustomerQuickRegisterRespositoryIntegrationTest, locations = '{}', classes = '{class com.projectx.data.Application}', contextInitializerClasses = '[]', activeProfiles = '{Prod}', contextLoader = 'org.springframework.boot.test.SpringApplicationContextLoader', parent = [null]]]; transaction manager [org.springframework.orm.jpa.JpaTransactionManager@1b3348b]; rollback [true]
Hibernate: select count(customerqu0_.customer_id) as col_0_0_ from customer_quick_register_entity customerqu0_ where customerqu0_.mobile=?
Hibernate: insert into customer_quick_register_entity (email, email_hash, first_name, last_name, mobile, mobile_pin, pin, status) values (?, ?, ?, ?, ?, ?, ?, ?)
Hibernate: select status from customer_quick_register_entity where mobile=?
2014-09-22 14:34:29.747  INFO 18974 --- [    Test worker] t.c.t.TransactionalTestExecutionListener : Rolled back transaction after test execution for test context [DefaultTestContext@a7773d testClass = CustomerQuickRegisterRespositoryIntegrationTest, testInstance = com.projectx.data.repository.CustomerQuickRegisterRespositoryIntegrationTest@1bf9540, testMethod = fetchStatusByMobileWithEmailMobileCustomer@CustomerQuickRegisterRespositoryIntegrationTest, testException = [null], mergedContextConfiguration = [MergedContextConfiguration@892460 testClass = CustomerQuickRegisterRespositoryIntegrationTest, locations = '{}', classes = '{class com.projectx.data.Application}', contextInitializerClasses = '[]', activeProfiles = '{Prod}', contextLoader = 'org.springframework.boot.test.SpringApplicationContextLoader', parent = [null]]]
]]></system-out>
  <system-err><![CDATA[]]></system-err>
</testsuite>
