<?xml version="1.0" encoding="UTF-8"?>
<testsuite name="com.projectx.repository.EmailRespositoryIntegrationTest" tests="3" failures="0" errors="0" timestamp="2014-09-03T10:58:12" hostname="dinesh" time="12.798">
  <properties/>
  <testcase name="findAll" classname="com.projectx.repository.EmailRespositoryIntegrationTest" time="12.751"/>
  <testcase name="checkEmailTest" classname="com.projectx.repository.EmailRespositoryIntegrationTest" time="0.033"/>
  <testcase name="addEmailTest" classname="com.projectx.repository.EmailRespositoryIntegrationTest" time="0.008"/>
  <system-out><![CDATA[16:28:11.615 [Test worker] DEBUG o.s.t.c.j.SpringJUnit4ClassRunner - SpringJUnit4ClassRunner constructor called with [class com.projectx.repository.EmailRespositoryIntegrationTest].
16:28:11.948 [Test worker] DEBUG o.s.test.context.ContextLoaderUtils - Found explicit ContextLoader class [org.springframework.boot.test.SpringApplicationContextLoader] for context configuration attributes [ContextConfigurationAttributes@10821d0 declaringClass = 'com.projectx.repository.EmailRespositoryIntegrationTest', locations = '{}', classes = '{class com.projectx.Application}', inheritLocations = true, initializers = '{}', inheritInitializers = true, name = [null], contextLoaderClass = 'org.springframework.boot.test.SpringApplicationContextLoader']
16:28:11.994 [Test worker] DEBUG o.s.test.context.TestContextManager - @TestExecutionListeners is not present for class [com.projectx.repository.EmailRespositoryIntegrationTest]: using defaults.
16:28:12.053 [Test worker] DEBUG o.s.t.annotation.ProfileValueUtils - Retrieved @ProfileValueSourceConfiguration [null] for test class [com.projectx.repository.EmailRespositoryIntegrationTest]
16:28:12.054 [Test worker] DEBUG o.s.t.annotation.ProfileValueUtils - Retrieved ProfileValueSource type [class org.springframework.test.annotation.SystemProfileValueSource] for class [com.projectx.repository.EmailRespositoryIntegrationTest]
16:28:12.057 [Test worker] DEBUG o.s.t.annotation.ProfileValueUtils - Retrieved @ProfileValueSourceConfiguration [null] for test class [com.projectx.repository.EmailRespositoryIntegrationTest]
16:28:12.058 [Test worker] DEBUG o.s.t.annotation.ProfileValueUtils - Retrieved ProfileValueSource type [class org.springframework.test.annotation.SystemProfileValueSource] for class [com.projectx.repository.EmailRespositoryIntegrationTest]
16:28:12.059 [Test worker] DEBUG o.s.t.annotation.ProfileValueUtils - Retrieved @ProfileValueSourceConfiguration [null] for test class [com.projectx.repository.EmailRespositoryIntegrationTest]
16:28:12.059 [Test worker] DEBUG o.s.t.annotation.ProfileValueUtils - Retrieved ProfileValueSource type [class org.springframework.test.annotation.SystemProfileValueSource] for class [com.projectx.repository.EmailRespositoryIntegrationTest]
16:28:12.062 [Test worker] DEBUG o.s.t.annotation.ProfileValueUtils - Retrieved @ProfileValueSourceConfiguration [null] for test class [com.projectx.repository.EmailRespositoryIntegrationTest]
16:28:12.062 [Test worker] DEBUG o.s.t.annotation.ProfileValueUtils - Retrieved ProfileValueSource type [class org.springframework.test.annotation.SystemProfileValueSource] for class [com.projectx.repository.EmailRespositoryIntegrationTest]
16:28:12.067 [Test worker] DEBUG o.s.t.c.s.DependencyInjectionTestExecutionListener - Performing dependency injection for test context [[DefaultTestContext@1fad8fe testClass = EmailRespositoryIntegrationTest, testInstance = com.projectx.repository.EmailRespositoryIntegrationTest@1bc244d, testMethod = [null], testException = [null], mergedContextConfiguration = [MergedContextConfiguration@f37bb8 testClass = EmailRespositoryIntegrationTest, locations = '{}', classes = '{class com.projectx.Application}', contextInitializerClasses = '[]', activeProfiles = '{Test}', contextLoader = 'org.springframework.boot.test.SpringApplicationContextLoader', parent = [null]]]].
16:28:12.338 [Test worker] DEBUG o.s.core.env.StandardEnvironment - Adding [systemProperties] PropertySource with lowest search precedence
16:28:12.341 [Test worker] DEBUG o.s.core.env.StandardEnvironment - Adding [systemEnvironment] PropertySource with lowest search precedence
16:28:12.342 [Test worker] DEBUG o.s.core.env.StandardEnvironment - Initialized StandardEnvironment with PropertySources [systemProperties,systemEnvironment]
16:28:12.357 [Test worker] DEBUG o.s.core.env.StandardEnvironment - Adding [integrationTest] PropertySource with search precedence immediately lower than [systemEnvironment]

  .   ____          _            __ _ _
 /\\ / ___'_ __ _ _(_)_ __  __ _ \ \ \ \
( ( )\___ | '_ | '_| | '_ \/ _` | \ \ \ \
 \\/  ___)| |_)| | | | | || (_| |  ) ) ) )
  '  |____| .__|_| |_|_| |_\__, | / / / /
 =========|_|==============|___/=/_/_/_/
 :: Spring Boot ::        (v1.1.5.RELEASE)

2014-09-03 16:28:14.264  INFO 5335 --- [    Test worker] o.s.boot.SpringApplication               : Starting application on dinesh with PID 5335 (/home/dinesh/.m2/repository/org/springframework/boot/spring-boot/1.1.5.RELEASE/spring-boot-1.1.5.RELEASE.jar started by dinesh in /home/dinesh/NewWorkspace/ProjectXDataJPA)
2014-09-03 16:28:14.363  INFO 5335 --- [    Test worker] s.c.a.AnnotationConfigApplicationContext : Refreshing org.springframework.context.annotation.AnnotationConfigApplicationContext@f167bb: startup date [Wed Sep 03 16:28:14 IST 2014]; root of context hierarchy
2014-09-03 16:28:18.875  INFO 5335 --- [    Test worker] j.LocalContainerEntityManagerFactoryBean : Building JPA container EntityManagerFactory for persistence unit 'default'
2014-09-03 16:28:18.987  INFO 5335 --- [    Test worker] o.hibernate.jpa.internal.util.LogHelper  : HHH000204: Processing PersistenceUnitInfo [
	name: default
	...]
2014-09-03 16:28:19.309  INFO 5335 --- [    Test worker] org.hibernate.Version                    : HHH000412: Hibernate Core {4.3.5.Final}
2014-09-03 16:28:19.312  INFO 5335 --- [    Test worker] org.hibernate.cfg.Environment            : HHH000206: hibernate.properties not found
2014-09-03 16:28:19.315  INFO 5335 --- [    Test worker] org.hibernate.cfg.Environment            : HHH000021: Bytecode provider name : javassist
2014-09-03 16:28:19.934  INFO 5335 --- [    Test worker] o.hibernate.annotations.common.Version   : HCANN000001: Hibernate Commons Annotations {4.0.4.Final}
2014-09-03 16:28:20.117  INFO 5335 --- [    Test worker] org.hibernate.dialect.Dialect            : HHH000400: Using dialect: org.hibernate.dialect.HSQLDialect
2014-09-03 16:28:20.273  INFO 5335 --- [    Test worker] o.h.h.i.ast.ASTQueryTranslatorFactory    : HHH000397: Using ASTQueryTranslatorFactory
2014-09-03 16:28:20.763  INFO 5335 --- [    Test worker] org.hibernate.tool.hbm2ddl.SchemaExport  : HHH000227: Running hbm2ddl schema export
Hibernate: drop table email if exists
Hibernate: create table email (email varchar(255) not null, name varchar(255), primary key (email))
2014-09-03 16:28:20.767  INFO 5335 --- [    Test worker] org.hibernate.tool.hbm2ddl.SchemaExport  : HHH000230: Schema export complete
2014-09-03 16:28:24.188  INFO 5335 --- [    Test worker] o.s.boot.SpringApplication               : Started application in 11.822 seconds (JVM running for 17.409)
2014-09-03 16:28:24.386  INFO 5335 --- [    Test worker] t.c.t.TransactionalTestExecutionListener : Began transaction (1) for test context [DefaultTestContext@1fad8fe testClass = EmailRespositoryIntegrationTest, testInstance = com.projectx.repository.EmailRespositoryIntegrationTest@1bc244d, testMethod = findAll@EmailRespositoryIntegrationTest, testException = [null], mergedContextConfiguration = [MergedContextConfiguration@f37bb8 testClass = EmailRespositoryIntegrationTest, locations = '{}', classes = '{class com.projectx.Application}', contextInitializerClasses = '[]', activeProfiles = '{Test}', contextLoader = 'org.springframework.boot.test.SpringApplicationContextLoader', parent = [null]]]; transaction manager [org.springframework.orm.jpa.JpaTransactionManager@1e8d906]; rollback [true]
Hibernate: select email0_.email as email1_0_0_, email0_.name as name2_0_0_ from email email0_ where email0_.email=?
Hibernate: select email0_.email as email1_0_0_, email0_.name as name2_0_0_ from email email0_ where email0_.email=?
Hibernate: insert into email (name, email) values (?, ?)
Hibernate: insert into email (name, email) values (?, ?)
Hibernate: select email0_.email as email1_0_, email0_.name as name2_0_ from email email0_
2014-09-03 16:28:24.800  INFO 5335 --- [    Test worker] t.c.t.TransactionalTestExecutionListener : Rolled back transaction after test execution for test context [DefaultTestContext@1fad8fe testClass = EmailRespositoryIntegrationTest, testInstance = com.projectx.repository.EmailRespositoryIntegrationTest@1bc244d, testMethod = findAll@EmailRespositoryIntegrationTest, testException = [null], mergedContextConfiguration = [MergedContextConfiguration@f37bb8 testClass = EmailRespositoryIntegrationTest, locations = '{}', classes = '{class com.projectx.Application}', contextInitializerClasses = '[]', activeProfiles = '{Test}', contextLoader = 'org.springframework.boot.test.SpringApplicationContextLoader', parent = [null]]]
2014-09-03 16:28:24.825  INFO 5335 --- [    Test worker] t.c.t.TransactionalTestExecutionListener : Began transaction (2) for test context [DefaultTestContext@1fad8fe testClass = EmailRespositoryIntegrationTest, testInstance = com.projectx.repository.EmailRespositoryIntegrationTest@f256c7, testMethod = checkEmailTest@EmailRespositoryIntegrationTest, testException = [null], mergedContextConfiguration = [MergedContextConfiguration@f37bb8 testClass = EmailRespositoryIntegrationTest, locations = '{}', classes = '{class com.projectx.Application}', contextInitializerClasses = '[]', activeProfiles = '{Test}', contextLoader = 'org.springframework.boot.test.SpringApplicationContextLoader', parent = [null]]]; transaction manager [org.springframework.orm.jpa.JpaTransactionManager@1e8d906]; rollback [true]
Hibernate: select email0_.email as email1_0_, email0_.name as name2_0_ from email email0_
Hibernate: select count(*) as col_0_0_ from email email0_ where email0_.email=? and 1=1
Hibernate: select email0_.email as email1_0_0_, email0_.name as name2_0_0_ from email email0_ where email0_.email=?
Hibernate: insert into email (name, email) values (?, ?)
Hibernate: select count(*) as col_0_0_ from email email0_ where email0_.email=? and 1=1
Hibernate: select count(*) as col_0_0_ from email email0_ where email0_.email=? and 1=1
Hibernate: select email0_.email as email1_0_, email0_.name as name2_0_ from email email0_
2014-09-03 16:28:24.854  INFO 5335 --- [    Test worker] t.c.t.TransactionalTestExecutionListener : Rolled back transaction after test execution for test context [DefaultTestContext@1fad8fe testClass = EmailRespositoryIntegrationTest, testInstance = com.projectx.repository.EmailRespositoryIntegrationTest@f256c7, testMethod = checkEmailTest@EmailRespositoryIntegrationTest, testException = [null], mergedContextConfiguration = [MergedContextConfiguration@f37bb8 testClass = EmailRespositoryIntegrationTest, locations = '{}', classes = '{class com.projectx.Application}', contextInitializerClasses = '[]', activeProfiles = '{Test}', contextLoader = 'org.springframework.boot.test.SpringApplicationContextLoader', parent = [null]]]
2014-09-03 16:28:24.858  INFO 5335 --- [    Test worker] t.c.t.TransactionalTestExecutionListener : Began transaction (3) for test context [DefaultTestContext@1fad8fe testClass = EmailRespositoryIntegrationTest, testInstance = com.projectx.repository.EmailRespositoryIntegrationTest@19401d1, testMethod = addEmailTest@EmailRespositoryIntegrationTest, testException = [null], mergedContextConfiguration = [MergedContextConfiguration@f37bb8 testClass = EmailRespositoryIntegrationTest, locations = '{}', classes = '{class com.projectx.Application}', contextInitializerClasses = '[]', activeProfiles = '{Test}', contextLoader = 'org.springframework.boot.test.SpringApplicationContextLoader', parent = [null]]]; transaction manager [org.springframework.orm.jpa.JpaTransactionManager@1e8d906]; rollback [true]
Hibernate: select email0_.email as email1_0_, email0_.name as name2_0_ from email email0_
Hibernate: select email0_.email as email1_0_0_, email0_.name as name2_0_0_ from email email0_ where email0_.email=?
Hibernate: insert into email (name, email) values (?, ?)
Hibernate: select email0_.email as email1_0_, email0_.name as name2_0_ from email email0_
2014-09-03 16:28:24.863  INFO 5335 --- [    Test worker] t.c.t.TransactionalTestExecutionListener : Rolled back transaction after test execution for test context [DefaultTestContext@1fad8fe testClass = EmailRespositoryIntegrationTest, testInstance = com.projectx.repository.EmailRespositoryIntegrationTest@19401d1, testMethod = addEmailTest@EmailRespositoryIntegrationTest, testException = [null], mergedContextConfiguration = [MergedContextConfiguration@f37bb8 testClass = EmailRespositoryIntegrationTest, locations = '{}', classes = '{class com.projectx.Application}', contextInitializerClasses = '[]', activeProfiles = '{Test}', contextLoader = 'org.springframework.boot.test.SpringApplicationContextLoader', parent = [null]]]
]]></system-out>
  <system-err><![CDATA[]]></system-err>
</testsuite>
